<?xml version="1.0" encoding="UTF-8"?>
<robot generator="Robot 6.1.1 (Python 3.11.4 on win32)" generated="20240805 10:29:29.009" rpa="false" schemaversion="4">
<suite id="s1" name="SkYDECK Stage QA Automation-master" source="D:\SkYDECK_Stage_QA_Automation-master">
<suite id="s1-s1" name="STAGING" source="D:\SkYDECK_Stage_QA_Automation-master\STAGING">
<suite id="s1-s1-s1" name="SITES" source="D:\SkYDECK_Stage_QA_Automation-master\STAGING\SITES">
<suite id="s1-s1-s1-s1" name="Create Site" source="D:\SkYDECK_Stage_QA_Automation-master\STAGING\SITES\create_site.robot">
<test id="s1-s1-s1-s1-t1" name="Create sites" line="9">
<kw name="create sites">
<arg>India</arg>
<kw name="open Skydeck application in Chrome browser" library="resource">
<kw name="Create Webdriver" library="SeleniumLibrary">
<arg>Chrome</arg>
<arg>executable_path=D:/chromedriver-win64/chromedriver-win64/chromedriver.exe</arg>
<doc>Creates an instance of Selenium WebDriver.</doc>
<msg timestamp="20240805 10:29:29.642" level="INFO">Creating an instance of the Chrome WebDriver.</msg>
<status status="PASS" starttime="20240805 10:29:29.641" endtime="20240805 10:29:32.097"/>
</kw>
<kw name="Go To" library="SeleniumLibrary">
<arg>${stage_Url}</arg>
<doc>Navigates the current browser window to the provided ``url``.</doc>
<msg timestamp="20240805 10:29:32.098" level="INFO">Opening url 'https://skydeck-staging.asteria.co.in/ui/dashboard/e596c680-cefb-4ec5-bf55-920ac3a5e0ad'</msg>
<status status="PASS" starttime="20240805 10:29:32.098" endtime="20240805 10:29:35.468"/>
</kw>
<kw name="Maximize Browser Window" library="SeleniumLibrary">
<doc>Maximizes current browser window.</doc>
<status status="PASS" starttime="20240805 10:29:35.469" endtime="20240805 10:29:35.548"/>
</kw>
<kw name="Set Browser Implicit Wait" library="SeleniumLibrary">
<arg>10</arg>
<doc>Sets the implicit wait value used by Selenium.</doc>
<status status="PASS" starttime="20240805 10:29:35.549" endtime="20240805 10:29:35.552"/>
</kw>
<status status="PASS" starttime="20240805 10:29:29.641" endtime="20240805 10:29:35.552"/>
</kw>
<kw name="Provide login credentials" library="resource">
<kw name="Input Text" library="SeleniumLibrary">
<arg>//input[@placeholder='yours@example.com']</arg>
<arg>${user_name}</arg>
<doc>Types the given ``text`` into the text field identified by ``locator``.</doc>
<msg timestamp="20240805 10:29:35.555" level="INFO">Typing text 'alnisa741@lopvede.com' into text field '//input[@placeholder='yours@example.com']'.</msg>
<status status="PASS" starttime="20240805 10:29:35.553" endtime="20240805 10:29:36.783"/>
</kw>
<kw name="Input Password" library="SeleniumLibrary">
<arg>//input[@placeholder='your password']</arg>
<arg>${password}</arg>
<doc>Types the given password into the text field identified by ``locator``.</doc>
<msg timestamp="20240805 10:29:36.784" level="INFO">Typing password into text field '//input[@placeholder='your password']'.</msg>
<msg timestamp="20240805 10:29:36.864" level="INFO">Temporally setting log level to: NONE</msg>
<msg timestamp="20240805 10:29:37.104" level="INFO">Log level changed from NONE to INFO.</msg>
<status status="PASS" starttime="20240805 10:29:36.783" endtime="20240805 10:29:37.104"/>
</kw>
<kw name="Click Button" library="SeleniumLibrary">
<arg>//button[@name='submit']</arg>
<doc>Clicks the button identified by ``locator``.</doc>
<msg timestamp="20240805 10:29:37.107" level="INFO">Clicking button '//button[@name='submit']'.</msg>
<status status="PASS" starttime="20240805 10:29:37.106" endtime="20240805 10:29:37.370"/>
</kw>
<kw name="Set Browser Implicit Wait" library="SeleniumLibrary">
<arg>10</arg>
<doc>Sets the implicit wait value used by Selenium.</doc>
<status status="PASS" starttime="20240805 10:29:37.371" endtime="20240805 10:29:37.374"/>
</kw>
<status status="PASS" starttime="20240805 10:29:35.553" endtime="20240805 10:29:37.375"/>
</kw>
<kw name="click on sites module" library="resource">
<kw name="Click Element" library="SeleniumLibrary">
<arg>//img[@alt='Sites']</arg>
<doc>Click the element identified by ``locator``.</doc>
<msg timestamp="20240805 10:29:37.376" level="INFO">Clicking element '//img[@alt='Sites']'.</msg>
<status status="PASS" starttime="20240805 10:29:37.375" endtime="20240805 10:29:43.751"/>
</kw>
<status status="PASS" starttime="20240805 10:29:37.375" endtime="20240805 10:29:43.751"/>
</kw>
<kw name="click on +create button" library="resource">
<kw name="Click Element" library="SeleniumLibrary">
<arg>//div[contains(text(),'create')]</arg>
<doc>Click the element identified by ``locator``.</doc>
<msg timestamp="20240805 10:29:43.752" level="INFO">Clicking element '//div[contains(text(),'create')]'.</msg>
<status status="PASS" starttime="20240805 10:29:43.751" endtime="20240805 10:29:43.913"/>
</kw>
<status status="PASS" starttime="20240805 10:29:43.751" endtime="20240805 10:29:43.913"/>
</kw>
<kw name="click on new-site button" library="resource">
<kw name="Click Element" library="SeleniumLibrary">
<arg>//span[normalize-space()='new site']</arg>
<doc>Click the element identified by ``locator``.</doc>
<msg timestamp="20240805 10:29:43.915" level="INFO">Clicking element '//span[normalize-space()='new site']'.</msg>
<status status="PASS" starttime="20240805 10:29:43.914" endtime="20240805 10:29:44.033"/>
</kw>
<status status="PASS" starttime="20240805 10:29:43.913" endtime="20240805 10:29:44.033"/>
</kw>
<kw name="Enter sitename" library="resource">
<kw name="Generate Random String" library="String">
<var>${random_name}</var>
<arg>3</arg>
<arg>12345678</arg>
<doc>Generates a string with a desired ``length`` from the given ``chars``.</doc>
<msg timestamp="20240805 10:29:44.034" level="INFO">${random_name} = 614</msg>
<status status="PASS" starttime="20240805 10:29:44.034" endtime="20240805 10:29:44.034"/>
</kw>
<kw name="Input Text" library="SeleniumLibrary">
<arg>//input[@placeholder='Enter Site name']</arg>
<arg>Site_${random_name}</arg>
<doc>Types the given ``text`` into the text field identified by ``locator``.</doc>
<msg timestamp="20240805 10:29:44.035" level="INFO">Typing text 'Site_614' into text field '//input[@placeholder='Enter Site name']'.</msg>
<status status="PASS" starttime="20240805 10:29:44.035" endtime="20240805 10:29:44.630"/>
</kw>
<status status="PASS" starttime="20240805 10:29:44.033" endtime="20240805 10:29:44.630"/>
</kw>
<kw name="select site-type" library="resource">
<kw name="Click Element" library="SeleniumLibrary">
<arg>//div[contains(text(),'Please select an option')]</arg>
<doc>Click the element identified by ``locator``.</doc>
<msg timestamp="20240805 10:29:44.632" level="INFO">Clicking element '//div[contains(text(),'Please select an option')]'.</msg>
<status status="PASS" starttime="20240805 10:29:44.631" endtime="20240805 10:29:44.778"/>
</kw>
<kw name="Click Element" library="SeleniumLibrary">
<arg>//button[normalize-space()='Agriculture']</arg>
<doc>Click the element identified by ``locator``.</doc>
<msg timestamp="20240805 10:29:44.779" level="INFO">Clicking element '//button[normalize-space()='Agriculture']'.</msg>
<status status="PASS" starttime="20240805 10:29:44.779" endtime="20240805 10:29:44.898"/>
</kw>
<status status="PASS" starttime="20240805 10:29:44.631" endtime="20240805 10:29:44.898"/>
</kw>
<kw name="enter site-location" library="resource">
<arg>${location}</arg>
<kw name="Click Element" library="SeleniumLibrary">
<arg>//input[contains(@placeholder,'Search for location')]</arg>
<doc>Click the element identified by ``locator``.</doc>
<msg timestamp="20240805 10:29:44.900" level="INFO">Clicking element '//input[contains(@placeholder,'Search for location')]'.</msg>
<status status="PASS" starttime="20240805 10:29:44.900" endtime="20240805 10:29:45.013"/>
</kw>
<kw name="Input Text" library="SeleniumLibrary">
<arg>//input[@placeholder='Search for location']</arg>
<arg>${location}</arg>
<doc>Types the given ``text`` into the text field identified by ``locator``.</doc>
<msg timestamp="20240805 10:29:45.014" level="INFO">Typing text 'India' into text field '//input[@placeholder='Search for location']'.</msg>
<status status="PASS" starttime="20240805 10:29:45.014" endtime="20240805 10:29:45.163"/>
</kw>
<kw name="Set Selenium Implicit Wait" library="SeleniumLibrary">
<arg>10</arg>
<doc>Sets the implicit wait value used by Selenium.</doc>
<status status="PASS" starttime="20240805 10:29:45.163" endtime="20240805 10:29:45.166"/>
</kw>
<kw name="Click Element" library="SeleniumLibrary">
<arg>//button[@class='Button Button--active']//i[@alt='search']</arg>
<doc>Click the element identified by ``locator``.</doc>
<msg timestamp="20240805 10:29:45.167" level="INFO">Clicking element '//button[@class='Button Button--active']//i[@alt='search']'.</msg>
<status status="PASS" starttime="20240805 10:29:45.166" endtime="20240805 10:29:45.260"/>
</kw>
<kw name="Click Element" library="SeleniumLibrary">
<arg>//div[@class='Map']//div[1]//span[1]</arg>
<doc>Click the element identified by ``locator``.</doc>
<msg timestamp="20240805 10:29:45.262" level="INFO">Clicking element '//div[@class='Map']//div[1]//span[1]'.</msg>
<status status="PASS" starttime="20240805 10:29:45.260" endtime="20240805 10:29:45.639"/>
</kw>
<kw name="Set Selenium Implicit Wait" library="SeleniumLibrary">
<arg>800</arg>
<doc>Sets the implicit wait value used by Selenium.</doc>
<status status="PASS" starttime="20240805 10:29:45.639" endtime="20240805 10:29:45.643"/>
</kw>
<status status="PASS" starttime="20240805 10:29:44.898" endtime="20240805 10:29:45.643"/>
</kw>
<kw name="Demarcate as point" library="resource">
<kw name="Click Element" library="SeleniumLibrary">
<arg>//i[@alt='circle']</arg>
<doc>Click the element identified by ``locator``.</doc>
<msg timestamp="20240805 10:29:45.645" level="INFO">Clicking element '//i[@alt='circle']'.</msg>
<status status="PASS" starttime="20240805 10:29:45.644" endtime="20240805 10:29:45.883"/>
</kw>
<kw name="Click Element" library="SeleniumLibrary">
<arg>//div[@class='Map']//div[2]//canvas[1]</arg>
<doc>Click the element identified by ``locator``.</doc>
<msg timestamp="20240805 10:29:45.884" level="INFO">Clicking element '//div[@class='Map']//div[2]//canvas[1]'.</msg>
<status status="PASS" starttime="20240805 10:29:45.883" endtime="20240805 10:29:46.397"/>
</kw>
<kw name="Click Element" library="SeleniumLibrary">
<arg>//button[@type='button']//div[@class='Button__text'][normalize-space()='Save']</arg>
<doc>Click the element identified by ``locator``.</doc>
<msg timestamp="20240805 10:29:46.400" level="INFO">Clicking element '//button[@type='button']//div[@class='Button__text'][normalize-space()='Save']'.</msg>
<status status="PASS" starttime="20240805 10:29:46.397" endtime="20240805 10:29:46.548"/>
</kw>
<status status="PASS" starttime="20240805 10:29:45.644" endtime="20240805 10:29:46.549"/>
</kw>
<kw name="save site" library="resource">
<kw name="Click Element" library="SeleniumLibrary">
<arg>//div[normalize-space()='Save']</arg>
<doc>Click the element identified by ``locator``.</doc>
<msg timestamp="20240805 10:29:46.552" level="INFO">Clicking element '//div[normalize-space()='Save']'.</msg>
<status status="PASS" starttime="20240805 10:29:46.550" endtime="20240805 10:29:46.737"/>
</kw>
<status status="PASS" starttime="20240805 10:29:46.550" endtime="20240805 10:29:46.738"/>
</kw>
<status status="PASS" starttime="20240805 10:29:29.641" endtime="20240805 10:29:46.738"/>
</kw>
<tag>REGRESSION</tag>
<status status="PASS" starttime="20240805 10:29:29.640" endtime="20240805 10:29:46.742"/>
</test>
<doc>This suite is used to create sites</doc>
<status status="PASS" starttime="20240805 10:29:29.060" endtime="20240805 10:29:46.744"/>
</suite>
<status status="PASS" starttime="20240805 10:29:29.058" endtime="20240805 10:29:46.748"/>
</suite>
<status status="PASS" starttime="20240805 10:29:29.055" endtime="20240805 10:29:46.752"/>
</suite>
<status status="PASS" starttime="20240805 10:29:29.013" endtime="20240805 10:29:46.754"/>
</suite>
<statistics>
<total>
<stat pass="1" fail="0" skip="0">All Tests</stat>
</total>
<tag>
<stat pass="1" fail="0" skip="0">REGRESSION</stat>
</tag>
<suite>
<stat pass="1" fail="0" skip="0" id="s1" name="SkYDECK Stage QA Automation-master">SkYDECK Stage QA Automation-master</stat>
<stat pass="1" fail="0" skip="0" id="s1-s1" name="STAGING">SkYDECK Stage QA Automation-master.STAGING</stat>
<stat pass="1" fail="0" skip="0" id="s1-s1-s1" name="SITES">SkYDECK Stage QA Automation-master.STAGING.SITES</stat>
<stat pass="1" fail="0" skip="0" id="s1-s1-s1-s1" name="Create Site">SkYDECK Stage QA Automation-master.STAGING.SITES.Create Site</stat>
</suite>
</statistics>
<errors>
</errors>
</robot>
