<?xml version="1.0" encoding="UTF-8"?>
<robot generator="Robot 6.1.1 (Python 3.11.4 on win32)" generated="20240730 17:53:31.314" rpa="false" schemaversion="4">
<suite id="s1" name="FLEETS" source="D:\SkYDECK_Stage_QA_Automation-master\STAGING\FLEETS">
<suite id="s1-s1" name="Drones" source="D:\SkYDECK_Stage_QA_Automation-master\STAGING\FLEETS\Drones">
<suite id="s1-s1-s1" name="Create Drone" source="D:\SkYDECK_Stage_QA_Automation-master\STAGING\FLEETS\Drones\create_drone.robot">
<test id="s1-s1-s1-t1" name="Create Drone - 1" line="9">
<kw name="create drones">
<kw name="open Skydeck application in Chrome browser" library="resource">
<kw name="Create Webdriver" library="SeleniumLibrary">
<arg>Chrome</arg>
<arg>executable_path=D:/chromedriver-win64/chromedriver-win64/chromedriver.exe</arg>
<doc>Creates an instance of Selenium WebDriver.</doc>
<msg timestamp="20240730 17:53:31.937" level="INFO">Creating an instance of the Chrome WebDriver.</msg>
<status status="PASS" starttime="20240730 17:53:31.937" endtime="20240730 17:53:34.106"/>
</kw>
<kw name="Go To" library="SeleniumLibrary">
<arg>${stage_Url}</arg>
<doc>Navigates the current browser window to the provided ``url``.</doc>
<msg timestamp="20240730 17:53:34.106" level="INFO">Opening url 'https://skydeck-staging.asteria.co.in/ui/dashboard/e596c680-cefb-4ec5-bf55-920ac3a5e0ad'</msg>
<status status="PASS" starttime="20240730 17:53:34.106" endtime="20240730 17:53:38.048"/>
</kw>
<kw name="Maximize Browser Window" library="SeleniumLibrary">
<doc>Maximizes current browser window.</doc>
<status status="PASS" starttime="20240730 17:53:38.048" endtime="20240730 17:53:38.126"/>
</kw>
<kw name="Set Browser Implicit Wait" library="SeleniumLibrary">
<arg>10</arg>
<doc>Sets the implicit wait value used by Selenium.</doc>
<status status="PASS" starttime="20240730 17:53:38.126" endtime="20240730 17:53:38.130"/>
</kw>
<status status="PASS" starttime="20240730 17:53:31.937" endtime="20240730 17:53:38.130"/>
</kw>
<kw name="Provide login credentials" library="resource">
<kw name="Input Text" library="SeleniumLibrary">
<arg>//input[@placeholder='yours@example.com']</arg>
<arg>${user_name}</arg>
<doc>Types the given ``text`` into the text field identified by ``locator``.</doc>
<msg timestamp="20240730 17:53:38.134" level="INFO">Typing text 'ganesh.l@asteria.co.in' into text field '//input[@placeholder='yours@example.com']'.</msg>
<status status="PASS" starttime="20240730 17:53:38.133" endtime="20240730 17:53:39.531"/>
</kw>
<kw name="Input Password" library="SeleniumLibrary">
<arg>//input[@placeholder='your password']</arg>
<arg>${PASSWORD}</arg>
<doc>Types the given password into the text field identified by ``locator``.</doc>
<msg timestamp="20240730 17:53:39.531" level="INFO">Typing password into text field '//input[@placeholder='your password']'.</msg>
<msg timestamp="20240730 17:53:39.598" level="INFO">Temporally setting log level to: NONE</msg>
<msg timestamp="20240730 17:53:39.753" level="INFO">Log level changed from NONE to INFO.</msg>
<status status="PASS" starttime="20240730 17:53:39.531" endtime="20240730 17:53:39.753"/>
</kw>
<kw name="Click Button" library="SeleniumLibrary">
<arg>//button[@name='submit']</arg>
<doc>Clicks the button identified by ``locator``.</doc>
<msg timestamp="20240730 17:53:39.753" level="INFO">Clicking button '//button[@name='submit']'.</msg>
<status status="PASS" starttime="20240730 17:53:39.753" endtime="20240730 17:53:39.881"/>
</kw>
<kw name="Set Browser Implicit Wait" library="SeleniumLibrary">
<arg>10</arg>
<doc>Sets the implicit wait value used by Selenium.</doc>
<status status="PASS" starttime="20240730 17:53:39.883" endtime="20240730 17:53:39.883"/>
</kw>
<status status="PASS" starttime="20240730 17:53:38.130" endtime="20240730 17:53:39.883"/>
</kw>
<kw name="Click on Fleets module" library="resource">
<kw name="Click Element" library="SeleniumLibrary">
<arg>//img[@alt='Fleets']</arg>
<doc>Click the element identified by ``locator``.</doc>
<msg timestamp="20240730 17:53:39.883" level="INFO">Clicking element '//img[@alt='Fleets']'.</msg>
<status status="PASS" starttime="20240730 17:53:39.883" endtime="20240730 17:53:44.868"/>
</kw>
<status status="PASS" starttime="20240730 17:53:39.883" endtime="20240730 17:53:44.868"/>
</kw>
<kw name="click on create button" library="resource">
<kw name="Click Element" library="SeleniumLibrary">
<arg>//div[contains(text(),'create')]</arg>
<doc>Click the element identified by ``locator``.</doc>
<msg timestamp="20240730 17:53:44.868" level="INFO">Clicking element '//div[contains(text(),'create')]'.</msg>
<status status="PASS" starttime="20240730 17:53:44.868" endtime="20240730 17:53:44.956"/>
</kw>
<status status="PASS" starttime="20240730 17:53:44.868" endtime="20240730 17:53:44.956"/>
</kw>
<kw name="click on new drone" library="resource">
<kw name="Click Element" library="SeleniumLibrary">
<arg>//span[normalize-space()='new drone']</arg>
<doc>Click the element identified by ``locator``.</doc>
<msg timestamp="20240730 17:53:44.956" level="INFO">Clicking element '//span[normalize-space()='new drone']'.</msg>
<status status="PASS" starttime="20240730 17:53:44.956" endtime="20240730 17:53:45.056"/>
</kw>
<status status="PASS" starttime="20240730 17:53:44.956" endtime="20240730 17:53:45.056"/>
</kw>
<kw name="Enter drone name" library="resource">
<kw name="Generate Random String" library="String">
<var>${random_name}</var>
<arg>3</arg>
<arg>12345678</arg>
<doc>Generates a string with a desired ``length`` from the given ``chars``.</doc>
<msg timestamp="20240730 17:53:45.056" level="INFO">${random_name} = 244</msg>
<status status="PASS" starttime="20240730 17:53:45.056" endtime="20240730 17:53:45.056"/>
</kw>
<kw name="Input Text" library="SeleniumLibrary">
<arg>//input[@placeholder='Enter drone name']</arg>
<arg>Drone_${random_name}</arg>
<doc>Types the given ``text`` into the text field identified by ``locator``.</doc>
<msg timestamp="20240730 17:53:45.060" level="INFO">Typing text 'Drone_244' into text field '//input[@placeholder='Enter drone name']'.</msg>
<status status="PASS" starttime="20240730 17:53:45.060" endtime="20240730 17:53:45.601"/>
</kw>
<status status="PASS" starttime="20240730 17:53:45.056" endtime="20240730 17:53:45.601"/>
</kw>
<kw name="Enter drone UUIN" library="resource">
<kw name="Generate Random String" library="String">
<var>${random_UUIN}</var>
<arg>5</arg>
<arg>12345678</arg>
<doc>Generates a string with a desired ``length`` from the given ``chars``.</doc>
<msg timestamp="20240730 17:53:45.604" level="INFO">${random_UUIN} = 42331</msg>
<status status="PASS" starttime="20240730 17:53:45.601" endtime="20240730 17:53:45.604"/>
</kw>
<kw name="Input Text" library="SeleniumLibrary">
<arg>//input[@placeholder='Enter drone UIN']</arg>
<arg>${random_UUIN}</arg>
<doc>Types the given ``text`` into the text field identified by ``locator``.</doc>
<msg timestamp="20240730 17:53:45.604" level="INFO">Typing text '42331' into text field '//input[@placeholder='Enter drone UIN']'.</msg>
<status status="PASS" starttime="20240730 17:53:45.604" endtime="20240730 17:53:45.799"/>
</kw>
<status status="PASS" starttime="20240730 17:53:45.601" endtime="20240730 17:53:45.799"/>
</kw>
<kw name="select A200 drone type" library="resource">
<kw name="Click Element" library="SeleniumLibrary">
<arg>//div[@class='SelectionList__header-text']</arg>
<doc>Click the element identified by ``locator``.</doc>
<msg timestamp="20240730 17:53:45.799" level="INFO">Clicking element '//div[@class='SelectionList__header-text']'.</msg>
<status status="PASS" starttime="20240730 17:53:45.799" endtime="20240730 17:53:45.905"/>
</kw>
<kw name="Click Element" library="SeleniumLibrary">
<arg>//button[normalize-space()='A200']</arg>
<doc>Click the element identified by ``locator``.</doc>
<msg timestamp="20240730 17:53:45.905" level="INFO">Clicking element '//button[normalize-space()='A200']'.</msg>
<status status="PASS" starttime="20240730 17:53:45.905" endtime="20240730 17:53:45.996"/>
</kw>
<status status="PASS" starttime="20240730 17:53:45.799" endtime="20240730 17:53:45.996"/>
</kw>
<kw name="Save drone" library="resource">
<kw name="Click Element" library="SeleniumLibrary">
<arg>//div[normalize-space()='Save Drone']</arg>
<doc>Click the element identified by ``locator``.</doc>
<msg timestamp="20240730 17:53:45.996" level="INFO">Clicking element '//div[normalize-space()='Save Drone']'.</msg>
<status status="PASS" starttime="20240730 17:53:45.996" endtime="20240730 17:53:46.105"/>
</kw>
<status status="PASS" starttime="20240730 17:53:45.996" endtime="20240730 17:53:46.105"/>
</kw>
<kw name="Click Element" library="SeleniumLibrary">
<arg>//i[@class='Icon Icon-close']</arg>
<doc>Click the element identified by ``locator``.</doc>
<msg timestamp="20240730 17:53:46.105" level="INFO">Clicking element '//i[@class='Icon Icon-close']'.</msg>
<status status="PASS" starttime="20240730 17:53:46.105" endtime="20240730 17:53:46.867"/>
</kw>
<kw name="click on create button" library="resource">
<kw name="Click Element" library="SeleniumLibrary">
<arg>//div[contains(text(),'create')]</arg>
<doc>Click the element identified by ``locator``.</doc>
<msg timestamp="20240730 17:53:46.867" level="INFO">Clicking element '//div[contains(text(),'create')]'.</msg>
<status status="PASS" starttime="20240730 17:53:46.867" endtime="20240730 17:53:47.833"/>
</kw>
<status status="PASS" starttime="20240730 17:53:46.867" endtime="20240730 17:53:47.833"/>
</kw>
<kw name="click on new drone" library="resource">
<kw name="Click Element" library="SeleniumLibrary">
<arg>//span[normalize-space()='new drone']</arg>
<doc>Click the element identified by ``locator``.</doc>
<msg timestamp="20240730 17:53:47.833" level="INFO">Clicking element '//span[normalize-space()='new drone']'.</msg>
<status status="PASS" starttime="20240730 17:53:47.833" endtime="20240730 17:53:47.966"/>
</kw>
<status status="PASS" starttime="20240730 17:53:47.833" endtime="20240730 17:53:47.966"/>
</kw>
<kw name="Enter drone name" library="resource">
<kw name="Generate Random String" library="String">
<var>${random_name}</var>
<arg>3</arg>
<arg>12345678</arg>
<doc>Generates a string with a desired ``length`` from the given ``chars``.</doc>
<msg timestamp="20240730 17:53:47.966" level="INFO">${random_name} = 677</msg>
<status status="PASS" starttime="20240730 17:53:47.966" endtime="20240730 17:53:47.966"/>
</kw>
<kw name="Input Text" library="SeleniumLibrary">
<arg>//input[@placeholder='Enter drone name']</arg>
<arg>Drone_${random_name}</arg>
<doc>Types the given ``text`` into the text field identified by ``locator``.</doc>
<msg timestamp="20240730 17:53:47.966" level="INFO">Typing text 'Drone_677' into text field '//input[@placeholder='Enter drone name']'.</msg>
<status status="PASS" starttime="20240730 17:53:47.966" endtime="20240730 17:53:48.267"/>
</kw>
<status status="PASS" starttime="20240730 17:53:47.966" endtime="20240730 17:53:48.267"/>
</kw>
<kw name="Enter drone UUIN" library="resource">
<kw name="Generate Random String" library="String">
<var>${random_UUIN}</var>
<arg>5</arg>
<arg>12345678</arg>
<doc>Generates a string with a desired ``length`` from the given ``chars``.</doc>
<msg timestamp="20240730 17:53:48.267" level="INFO">${random_UUIN} = 45365</msg>
<status status="PASS" starttime="20240730 17:53:48.267" endtime="20240730 17:53:48.267"/>
</kw>
<kw name="Input Text" library="SeleniumLibrary">
<arg>//input[@placeholder='Enter drone UIN']</arg>
<arg>${random_UUIN}</arg>
<doc>Types the given ``text`` into the text field identified by ``locator``.</doc>
<msg timestamp="20240730 17:53:48.267" level="INFO">Typing text '45365' into text field '//input[@placeholder='Enter drone UIN']'.</msg>
<status status="PASS" starttime="20240730 17:53:48.267" endtime="20240730 17:53:48.501"/>
</kw>
<status status="PASS" starttime="20240730 17:53:48.267" endtime="20240730 17:53:48.501"/>
</kw>
<kw name="select A410 drone type" library="resource">
<kw name="Click Element" library="SeleniumLibrary">
<arg>//div[@class='SelectionList__header-text']</arg>
<doc>Click the element identified by ``locator``.</doc>
<msg timestamp="20240730 17:53:48.504" level="INFO">Clicking element '//div[@class='SelectionList__header-text']'.</msg>
<status status="PASS" starttime="20240730 17:53:48.504" endtime="20240730 17:53:48.588"/>
</kw>
<kw name="Click Element" library="SeleniumLibrary">
<arg>//button[normalize-space()='A410']</arg>
<doc>Click the element identified by ``locator``.</doc>
<msg timestamp="20240730 17:53:48.589" level="INFO">Clicking element '//button[normalize-space()='A410']'.</msg>
<status status="PASS" starttime="20240730 17:53:48.588" endtime="20240730 17:53:48.672"/>
</kw>
<status status="PASS" starttime="20240730 17:53:48.504" endtime="20240730 17:53:48.672"/>
</kw>
<kw name="Save drone" library="resource">
<kw name="Click Element" library="SeleniumLibrary">
<arg>//div[normalize-space()='Save Drone']</arg>
<doc>Click the element identified by ``locator``.</doc>
<msg timestamp="20240730 17:53:48.672" level="INFO">Clicking element '//div[normalize-space()='Save Drone']'.</msg>
<status status="PASS" starttime="20240730 17:53:48.672" endtime="20240730 17:53:48.760"/>
</kw>
<status status="PASS" starttime="20240730 17:53:48.672" endtime="20240730 17:53:48.760"/>
</kw>
<kw name="Click Element" library="SeleniumLibrary">
<arg>//i[@class='Icon Icon-close']</arg>
<doc>Click the element identified by ``locator``.</doc>
<msg timestamp="20240730 17:53:48.762" level="INFO">Clicking element '//i[@class='Icon Icon-close']'.</msg>
<status status="PASS" starttime="20240730 17:53:48.760" endtime="20240730 17:53:49.585"/>
</kw>
<kw name="click on create button" library="resource">
<kw name="Click Element" library="SeleniumLibrary">
<arg>//div[contains(text(),'create')]</arg>
<doc>Click the element identified by ``locator``.</doc>
<msg timestamp="20240730 17:53:49.585" level="INFO">Clicking element '//div[contains(text(),'create')]'.</msg>
<status status="PASS" starttime="20240730 17:53:49.585" endtime="20240730 17:53:50.576"/>
</kw>
<status status="PASS" starttime="20240730 17:53:49.585" endtime="20240730 17:53:50.576"/>
</kw>
<kw name="click on new drone" library="resource">
<kw name="Click Element" library="SeleniumLibrary">
<arg>//span[normalize-space()='new drone']</arg>
<doc>Click the element identified by ``locator``.</doc>
<msg timestamp="20240730 17:53:50.579" level="INFO">Clicking element '//span[normalize-space()='new drone']'.</msg>
<status status="PASS" starttime="20240730 17:53:50.579" endtime="20240730 17:53:50.716"/>
</kw>
<status status="PASS" starttime="20240730 17:53:50.576" endtime="20240730 17:53:50.716"/>
</kw>
<kw name="Enter drone name" library="resource">
<kw name="Generate Random String" library="String">
<var>${random_name}</var>
<arg>3</arg>
<arg>12345678</arg>
<doc>Generates a string with a desired ``length`` from the given ``chars``.</doc>
<msg timestamp="20240730 17:53:50.716" level="INFO">${random_name} = 333</msg>
<status status="PASS" starttime="20240730 17:53:50.716" endtime="20240730 17:53:50.716"/>
</kw>
<kw name="Input Text" library="SeleniumLibrary">
<arg>//input[@placeholder='Enter drone name']</arg>
<arg>Drone_${random_name}</arg>
<doc>Types the given ``text`` into the text field identified by ``locator``.</doc>
<msg timestamp="20240730 17:53:50.719" level="INFO">Typing text 'Drone_333' into text field '//input[@placeholder='Enter drone name']'.</msg>
<status status="PASS" starttime="20240730 17:53:50.719" endtime="20240730 17:53:51.066"/>
</kw>
<status status="PASS" starttime="20240730 17:53:50.716" endtime="20240730 17:53:51.066"/>
</kw>
<kw name="Enter drone UUIN" library="resource">
<kw name="Generate Random String" library="String">
<var>${random_UUIN}</var>
<arg>5</arg>
<arg>12345678</arg>
<doc>Generates a string with a desired ``length`` from the given ``chars``.</doc>
<msg timestamp="20240730 17:53:51.066" level="INFO">${random_UUIN} = 43113</msg>
<status status="PASS" starttime="20240730 17:53:51.066" endtime="20240730 17:53:51.066"/>
</kw>
<kw name="Input Text" library="SeleniumLibrary">
<arg>//input[@placeholder='Enter drone UIN']</arg>
<arg>${random_UUIN}</arg>
<doc>Types the given ``text`` into the text field identified by ``locator``.</doc>
<msg timestamp="20240730 17:53:51.066" level="INFO">Typing text '43113' into text field '//input[@placeholder='Enter drone UIN']'.</msg>
<status status="PASS" starttime="20240730 17:53:51.066" endtime="20240730 17:53:51.329"/>
</kw>
<status status="PASS" starttime="20240730 17:53:51.066" endtime="20240730 17:53:51.329"/>
</kw>
<kw name="select A410-XT drone type" library="resource">
<kw name="Click Element" library="SeleniumLibrary">
<arg>//div[@class='SelectionList__header-text']</arg>
<doc>Click the element identified by ``locator``.</doc>
<msg timestamp="20240730 17:53:51.329" level="INFO">Clicking element '//div[@class='SelectionList__header-text']'.</msg>
<status status="PASS" starttime="20240730 17:53:51.329" endtime="20240730 17:53:51.464"/>
</kw>
<kw name="Click Element" library="SeleniumLibrary">
<arg>//button[normalize-space()='A410-XT']</arg>
<doc>Click the element identified by ``locator``.</doc>
<msg timestamp="20240730 17:53:51.464" level="INFO">Clicking element '//button[normalize-space()='A410-XT']'.</msg>
<status status="PASS" starttime="20240730 17:53:51.464" endtime="20240730 17:53:51.599"/>
</kw>
<status status="PASS" starttime="20240730 17:53:51.329" endtime="20240730 17:53:51.599"/>
</kw>
<kw name="Save drone" library="resource">
<kw name="Click Element" library="SeleniumLibrary">
<arg>//div[normalize-space()='Save Drone']</arg>
<doc>Click the element identified by ``locator``.</doc>
<msg timestamp="20240730 17:53:51.599" level="INFO">Clicking element '//div[normalize-space()='Save Drone']'.</msg>
<status status="PASS" starttime="20240730 17:53:51.599" endtime="20240730 17:53:51.707"/>
</kw>
<status status="PASS" starttime="20240730 17:53:51.599" endtime="20240730 17:53:51.707"/>
</kw>
<kw name="Click Element" library="SeleniumLibrary">
<arg>//i[@class='Icon Icon-close']</arg>
<doc>Click the element identified by ``locator``.</doc>
<msg timestamp="20240730 17:53:51.707" level="INFO">Clicking element '//i[@class='Icon Icon-close']'.</msg>
<status status="PASS" starttime="20240730 17:53:51.707" endtime="20240730 17:53:52.317"/>
</kw>
<kw name="click on create button" library="resource">
<kw name="Click Element" library="SeleniumLibrary">
<arg>//div[contains(text(),'create')]</arg>
<doc>Click the element identified by ``locator``.</doc>
<msg timestamp="20240730 17:53:52.317" level="INFO">Clicking element '//div[contains(text(),'create')]'.</msg>
<status status="PASS" starttime="20240730 17:53:52.317" endtime="20240730 17:53:53.296"/>
</kw>
<status status="PASS" starttime="20240730 17:53:52.317" endtime="20240730 17:53:53.296"/>
</kw>
<kw name="click on new drone" library="resource">
<kw name="Click Element" library="SeleniumLibrary">
<arg>//span[normalize-space()='new drone']</arg>
<doc>Click the element identified by ``locator``.</doc>
<msg timestamp="20240730 17:53:53.298" level="INFO">Clicking element '//span[normalize-space()='new drone']'.</msg>
<status status="PASS" starttime="20240730 17:53:53.296" endtime="20240730 17:53:53.407"/>
</kw>
<status status="PASS" starttime="20240730 17:53:53.296" endtime="20240730 17:53:53.407"/>
</kw>
<kw name="Enter drone name" library="resource">
<kw name="Generate Random String" library="String">
<var>${random_name}</var>
<arg>3</arg>
<arg>12345678</arg>
<doc>Generates a string with a desired ``length`` from the given ``chars``.</doc>
<msg timestamp="20240730 17:53:53.409" level="INFO">${random_name} = 452</msg>
<status status="PASS" starttime="20240730 17:53:53.407" endtime="20240730 17:53:53.409"/>
</kw>
<kw name="Input Text" library="SeleniumLibrary">
<arg>//input[@placeholder='Enter drone name']</arg>
<arg>Drone_${random_name}</arg>
<doc>Types the given ``text`` into the text field identified by ``locator``.</doc>
<msg timestamp="20240730 17:53:53.409" level="INFO">Typing text 'Drone_452' into text field '//input[@placeholder='Enter drone name']'.</msg>
<status status="PASS" starttime="20240730 17:53:53.409" endtime="20240730 17:53:53.668"/>
</kw>
<status status="PASS" starttime="20240730 17:53:53.407" endtime="20240730 17:53:53.668"/>
</kw>
<kw name="Enter drone UUIN" library="resource">
<kw name="Generate Random String" library="String">
<var>${random_UUIN}</var>
<arg>5</arg>
<arg>12345678</arg>
<doc>Generates a string with a desired ``length`` from the given ``chars``.</doc>
<msg timestamp="20240730 17:53:53.668" level="INFO">${random_UUIN} = 65311</msg>
<status status="PASS" starttime="20240730 17:53:53.668" endtime="20240730 17:53:53.668"/>
</kw>
<kw name="Input Text" library="SeleniumLibrary">
<arg>//input[@placeholder='Enter drone UIN']</arg>
<arg>${random_UUIN}</arg>
<doc>Types the given ``text`` into the text field identified by ``locator``.</doc>
<msg timestamp="20240730 17:53:53.668" level="INFO">Typing text '65311' into text field '//input[@placeholder='Enter drone UIN']'.</msg>
<status status="PASS" starttime="20240730 17:53:53.668" endtime="20240730 17:53:53.920"/>
</kw>
<status status="PASS" starttime="20240730 17:53:53.668" endtime="20240730 17:53:53.920"/>
</kw>
<kw name="select A200-XT drone type" library="resource">
<kw name="Click Element" library="SeleniumLibrary">
<arg>//div[@class='SelectionList__header-text']</arg>
<doc>Click the element identified by ``locator``.</doc>
<msg timestamp="20240730 17:53:53.920" level="INFO">Clicking element '//div[@class='SelectionList__header-text']'.</msg>
<status status="PASS" starttime="20240730 17:53:53.920" endtime="20240730 17:53:54.063"/>
</kw>
<kw name="Click Element" library="SeleniumLibrary">
<arg>//button[normalize-space()='A200-XT']</arg>
<doc>Click the element identified by ``locator``.</doc>
<msg timestamp="20240730 17:53:54.063" level="INFO">Clicking element '//button[normalize-space()='A200-XT']'.</msg>
<status status="PASS" starttime="20240730 17:53:54.063" endtime="20240730 17:53:54.181"/>
</kw>
<status status="PASS" starttime="20240730 17:53:53.920" endtime="20240730 17:53:54.181"/>
</kw>
<kw name="Save drone" library="resource">
<kw name="Click Element" library="SeleniumLibrary">
<arg>//div[normalize-space()='Save Drone']</arg>
<doc>Click the element identified by ``locator``.</doc>
<msg timestamp="20240730 17:53:54.181" level="INFO">Clicking element '//div[normalize-space()='Save Drone']'.</msg>
<status status="PASS" starttime="20240730 17:53:54.181" endtime="20240730 17:53:54.321"/>
</kw>
<status status="PASS" starttime="20240730 17:53:54.181" endtime="20240730 17:53:54.321"/>
</kw>
<kw name="Click Element" library="SeleniumLibrary">
<arg>//i[@class='Icon Icon-close']</arg>
<doc>Click the element identified by ``locator``.</doc>
<msg timestamp="20240730 17:53:54.321" level="INFO">Clicking element '//i[@class='Icon Icon-close']'.</msg>
<status status="PASS" starttime="20240730 17:53:54.321" endtime="20240730 17:53:55.081"/>
</kw>
<kw name="click on create button" library="resource">
<kw name="Click Element" library="SeleniumLibrary">
<arg>//div[contains(text(),'create')]</arg>
<doc>Click the element identified by ``locator``.</doc>
<msg timestamp="20240730 17:53:55.081" level="INFO">Clicking element '//div[contains(text(),'create')]'.</msg>
<status status="PASS" starttime="20240730 17:53:55.081" endtime="20240730 17:53:56.115"/>
</kw>
<status status="PASS" starttime="20240730 17:53:55.081" endtime="20240730 17:53:56.115"/>
</kw>
<kw name="click on new drone" library="resource">
<kw name="Click Element" library="SeleniumLibrary">
<arg>//span[normalize-space()='new drone']</arg>
<doc>Click the element identified by ``locator``.</doc>
<msg timestamp="20240730 17:53:56.115" level="INFO">Clicking element '//span[normalize-space()='new drone']'.</msg>
<status status="PASS" starttime="20240730 17:53:56.115" endtime="20240730 17:53:56.250"/>
</kw>
<status status="PASS" starttime="20240730 17:53:56.115" endtime="20240730 17:53:56.250"/>
</kw>
<kw name="Enter drone name" library="resource">
<kw name="Generate Random String" library="String">
<var>${random_name}</var>
<arg>3</arg>
<arg>12345678</arg>
<doc>Generates a string with a desired ``length`` from the given ``chars``.</doc>
<msg timestamp="20240730 17:53:56.250" level="INFO">${random_name} = 457</msg>
<status status="PASS" starttime="20240730 17:53:56.250" endtime="20240730 17:53:56.250"/>
</kw>
<kw name="Input Text" library="SeleniumLibrary">
<arg>//input[@placeholder='Enter drone name']</arg>
<arg>Drone_${random_name}</arg>
<doc>Types the given ``text`` into the text field identified by ``locator``.</doc>
<msg timestamp="20240730 17:53:56.258" level="INFO">Typing text 'Drone_457' into text field '//input[@placeholder='Enter drone name']'.</msg>
<status status="PASS" starttime="20240730 17:53:56.250" endtime="20240730 17:53:56.533"/>
</kw>
<status status="PASS" starttime="20240730 17:53:56.250" endtime="20240730 17:53:56.533"/>
</kw>
<kw name="Enter drone UUIN" library="resource">
<kw name="Generate Random String" library="String">
<var>${random_UUIN}</var>
<arg>5</arg>
<arg>12345678</arg>
<doc>Generates a string with a desired ``length`` from the given ``chars``.</doc>
<msg timestamp="20240730 17:53:56.533" level="INFO">${random_UUIN} = 58224</msg>
<status status="PASS" starttime="20240730 17:53:56.533" endtime="20240730 17:53:56.533"/>
</kw>
<kw name="Input Text" library="SeleniumLibrary">
<arg>//input[@placeholder='Enter drone UIN']</arg>
<arg>${random_UUIN}</arg>
<doc>Types the given ``text`` into the text field identified by ``locator``.</doc>
<msg timestamp="20240730 17:53:56.546" level="INFO">Typing text '58224' into text field '//input[@placeholder='Enter drone UIN']'.</msg>
<status status="PASS" starttime="20240730 17:53:56.533" endtime="20240730 17:53:56.797"/>
</kw>
<status status="PASS" starttime="20240730 17:53:56.533" endtime="20240730 17:53:56.797"/>
</kw>
<kw name="select AT-05 drone type" library="resource">
<kw name="Click Element" library="SeleniumLibrary">
<arg>//div[@class='SelectionList__header-text']</arg>
<doc>Click the element identified by ``locator``.</doc>
<msg timestamp="20240730 17:53:56.797" level="INFO">Clicking element '//div[@class='SelectionList__header-text']'.</msg>
<status status="PASS" starttime="20240730 17:53:56.797" endtime="20240730 17:53:56.918"/>
</kw>
<kw name="Click Element" library="SeleniumLibrary">
<arg>//button[normalize-space()='AT-05']</arg>
<doc>Click the element identified by ``locator``.</doc>
<msg timestamp="20240730 17:53:56.918" level="INFO">Clicking element '//button[normalize-space()='AT-05']'.</msg>
<status status="PASS" starttime="20240730 17:53:56.918" endtime="20240730 17:53:57.029"/>
</kw>
<status status="PASS" starttime="20240730 17:53:56.797" endtime="20240730 17:53:57.029"/>
</kw>
<kw name="Save drone" library="resource">
<kw name="Click Element" library="SeleniumLibrary">
<arg>//div[normalize-space()='Save Drone']</arg>
<doc>Click the element identified by ``locator``.</doc>
<msg timestamp="20240730 17:53:57.032" level="INFO">Clicking element '//div[normalize-space()='Save Drone']'.</msg>
<status status="PASS" starttime="20240730 17:53:57.032" endtime="20240730 17:53:57.147"/>
</kw>
<status status="PASS" starttime="20240730 17:53:57.029" endtime="20240730 17:53:57.147"/>
</kw>
<kw name="Close Browser" library="SeleniumLibrary">
<doc>Closes the current browser.</doc>
<status status="PASS" starttime="20240730 17:53:57.147" endtime="20240730 17:53:59.582"/>
</kw>
<kw name="Close Window" library="SeleniumLibrary">
<doc>Closes currently opened and selected browser window/tab.</doc>
<msg timestamp="20240730 17:53:59.582" level="INFO">Cannot capture screenshot because no browser is open.</msg>
<msg timestamp="20240730 17:53:59.582" level="FAIL">No browser is open.</msg>
<status status="FAIL" starttime="20240730 17:53:59.582" endtime="20240730 17:53:59.613"/>
</kw>
<status status="FAIL" starttime="20240730 17:53:31.937" endtime="20240730 17:53:59.613"/>
</kw>
<status status="FAIL" starttime="20240730 17:53:31.937" endtime="20240730 17:53:59.613">No browser is open.</status>
</test>
<test id="s1-s1-s1-t2" name="Create Drone - 2" line="9">
<kw name="create drones">
<kw name="open Skydeck application in Chrome browser" library="resource">
<kw name="Create Webdriver" library="SeleniumLibrary">
<arg>Chrome</arg>
<arg>executable_path=D:/chromedriver-win64/chromedriver-win64/chromedriver.exe</arg>
<doc>Creates an instance of Selenium WebDriver.</doc>
<msg timestamp="20240730 17:53:59.629" level="INFO">Creating an instance of the Chrome WebDriver.</msg>
<status status="PASS" starttime="20240730 17:53:59.629" endtime="20240730 17:54:01.531"/>
</kw>
<kw name="Go To" library="SeleniumLibrary">
<arg>${stage_Url}</arg>
<doc>Navigates the current browser window to the provided ``url``.</doc>
<msg timestamp="20240730 17:54:01.533" level="INFO">Opening url 'https://skydeck-staging.asteria.co.in/ui/dashboard/e596c680-cefb-4ec5-bf55-920ac3a5e0ad'</msg>
<status status="PASS" starttime="20240730 17:54:01.532" endtime="20240730 17:54:03.591"/>
</kw>
<kw name="Maximize Browser Window" library="SeleniumLibrary">
<doc>Maximizes current browser window.</doc>
<status status="PASS" starttime="20240730 17:54:03.591" endtime="20240730 17:54:03.648"/>
</kw>
<kw name="Set Browser Implicit Wait" library="SeleniumLibrary">
<arg>10</arg>
<doc>Sets the implicit wait value used by Selenium.</doc>
<status status="PASS" starttime="20240730 17:54:03.648" endtime="20240730 17:54:03.649"/>
</kw>
<status status="PASS" starttime="20240730 17:53:59.629" endtime="20240730 17:54:03.649"/>
</kw>
<kw name="Provide login credentials" library="resource">
<kw name="Input Text" library="SeleniumLibrary">
<arg>//input[@placeholder='yours@example.com']</arg>
<arg>${user_name}</arg>
<doc>Types the given ``text`` into the text field identified by ``locator``.</doc>
<msg timestamp="20240730 17:54:03.649" level="INFO">Typing text 'ganesh.l@asteria.co.in' into text field '//input[@placeholder='yours@example.com']'.</msg>
<status status="PASS" starttime="20240730 17:54:03.649" endtime="20240730 17:54:04.914"/>
</kw>
<kw name="Input Password" library="SeleniumLibrary">
<arg>//input[@placeholder='your password']</arg>
<arg>${PASSWORD}</arg>
<doc>Types the given password into the text field identified by ``locator``.</doc>
<msg timestamp="20240730 17:54:04.914" level="INFO">Typing password into text field '//input[@placeholder='your password']'.</msg>
<msg timestamp="20240730 17:54:04.979" level="INFO">Temporally setting log level to: NONE</msg>
<msg timestamp="20240730 17:54:05.203" level="INFO">Log level changed from NONE to INFO.</msg>
<status status="PASS" starttime="20240730 17:54:04.914" endtime="20240730 17:54:05.203"/>
</kw>
<kw name="Click Button" library="SeleniumLibrary">
<arg>//button[@name='submit']</arg>
<doc>Clicks the button identified by ``locator``.</doc>
<msg timestamp="20240730 17:54:05.212" level="INFO">Clicking button '//button[@name='submit']'.</msg>
<status status="PASS" starttime="20240730 17:54:05.203" endtime="20240730 17:54:05.508"/>
</kw>
<kw name="Set Browser Implicit Wait" library="SeleniumLibrary">
<arg>10</arg>
<doc>Sets the implicit wait value used by Selenium.</doc>
<status status="PASS" starttime="20240730 17:54:05.508" endtime="20240730 17:54:05.513"/>
</kw>
<status status="PASS" starttime="20240730 17:54:03.649" endtime="20240730 17:54:05.513"/>
</kw>
<kw name="Click on Fleets module" library="resource">
<kw name="Click Element" library="SeleniumLibrary">
<arg>//img[@alt='Fleets']</arg>
<doc>Click the element identified by ``locator``.</doc>
<msg timestamp="20240730 17:54:05.513" level="INFO">Clicking element '//img[@alt='Fleets']'.</msg>
<status status="PASS" starttime="20240730 17:54:05.513" endtime="20240730 17:54:10.050"/>
</kw>
<status status="PASS" starttime="20240730 17:54:05.513" endtime="20240730 17:54:10.050"/>
</kw>
<kw name="click on create button" library="resource">
<kw name="Click Element" library="SeleniumLibrary">
<arg>//div[contains(text(),'create')]</arg>
<doc>Click the element identified by ``locator``.</doc>
<msg timestamp="20240730 17:54:10.050" level="INFO">Clicking element '//div[contains(text(),'create')]'.</msg>
<status status="PASS" starttime="20240730 17:54:10.050" endtime="20240730 17:54:10.212"/>
</kw>
<status status="PASS" starttime="20240730 17:54:10.050" endtime="20240730 17:54:10.212"/>
</kw>
<kw name="click on new drone" library="resource">
<kw name="Click Element" library="SeleniumLibrary">
<arg>//span[normalize-space()='new drone']</arg>
<doc>Click the element identified by ``locator``.</doc>
<msg timestamp="20240730 17:54:10.214" level="INFO">Clicking element '//span[normalize-space()='new drone']'.</msg>
<status status="PASS" starttime="20240730 17:54:10.212" endtime="20240730 17:54:10.422"/>
</kw>
<status status="PASS" starttime="20240730 17:54:10.212" endtime="20240730 17:54:10.422"/>
</kw>
<kw name="Enter drone name" library="resource">
<kw name="Generate Random String" library="String">
<var>${random_name}</var>
<arg>3</arg>
<arg>12345678</arg>
<doc>Generates a string with a desired ``length`` from the given ``chars``.</doc>
<msg timestamp="20240730 17:54:10.422" level="INFO">${random_name} = 575</msg>
<status status="PASS" starttime="20240730 17:54:10.422" endtime="20240730 17:54:10.422"/>
</kw>
<kw name="Input Text" library="SeleniumLibrary">
<arg>//input[@placeholder='Enter drone name']</arg>
<arg>Drone_${random_name}</arg>
<doc>Types the given ``text`` into the text field identified by ``locator``.</doc>
<msg timestamp="20240730 17:54:10.422" level="INFO">Typing text 'Drone_575' into text field '//input[@placeholder='Enter drone name']'.</msg>
<status status="PASS" starttime="20240730 17:54:10.422" endtime="20240730 17:54:10.963"/>
</kw>
<status status="PASS" starttime="20240730 17:54:10.422" endtime="20240730 17:54:10.963"/>
</kw>
<kw name="Enter drone UUIN" library="resource">
<kw name="Generate Random String" library="String">
<var>${random_UUIN}</var>
<arg>5</arg>
<arg>12345678</arg>
<doc>Generates a string with a desired ``length`` from the given ``chars``.</doc>
<msg timestamp="20240730 17:54:10.963" level="INFO">${random_UUIN} = 34843</msg>
<status status="PASS" starttime="20240730 17:54:10.963" endtime="20240730 17:54:10.963"/>
</kw>
<kw name="Input Text" library="SeleniumLibrary">
<arg>//input[@placeholder='Enter drone UIN']</arg>
<arg>${random_UUIN}</arg>
<doc>Types the given ``text`` into the text field identified by ``locator``.</doc>
<msg timestamp="20240730 17:54:10.963" level="INFO">Typing text '34843' into text field '//input[@placeholder='Enter drone UIN']'.</msg>
<status status="PASS" starttime="20240730 17:54:10.963" endtime="20240730 17:54:11.217"/>
</kw>
<status status="PASS" starttime="20240730 17:54:10.963" endtime="20240730 17:54:11.217"/>
</kw>
<kw name="select A200 drone type" library="resource">
<kw name="Click Element" library="SeleniumLibrary">
<arg>//div[@class='SelectionList__header-text']</arg>
<doc>Click the element identified by ``locator``.</doc>
<msg timestamp="20240730 17:54:11.217" level="INFO">Clicking element '//div[@class='SelectionList__header-text']'.</msg>
<status status="PASS" starttime="20240730 17:54:11.217" endtime="20240730 17:54:11.363"/>
</kw>
<kw name="Click Element" library="SeleniumLibrary">
<arg>//button[normalize-space()='A200']</arg>
<doc>Click the element identified by ``locator``.</doc>
<msg timestamp="20240730 17:54:11.363" level="INFO">Clicking element '//button[normalize-space()='A200']'.</msg>
<status status="PASS" starttime="20240730 17:54:11.363" endtime="20240730 17:54:11.490"/>
</kw>
<status status="PASS" starttime="20240730 17:54:11.217" endtime="20240730 17:54:11.490"/>
</kw>
<kw name="Save drone" library="resource">
<kw name="Click Element" library="SeleniumLibrary">
<arg>//div[normalize-space()='Save Drone']</arg>
<doc>Click the element identified by ``locator``.</doc>
<msg timestamp="20240730 17:54:11.495" level="INFO">Clicking element '//div[normalize-space()='Save Drone']'.</msg>
<status status="PASS" starttime="20240730 17:54:11.495" endtime="20240730 17:54:11.652"/>
</kw>
<status status="PASS" starttime="20240730 17:54:11.495" endtime="20240730 17:54:11.652"/>
</kw>
<kw name="Click Element" library="SeleniumLibrary">
<arg>//i[@class='Icon Icon-close']</arg>
<doc>Click the element identified by ``locator``.</doc>
<msg timestamp="20240730 17:54:11.652" level="INFO">Clicking element '//i[@class='Icon Icon-close']'.</msg>
<status status="PASS" starttime="20240730 17:54:11.652" endtime="20240730 17:54:12.281"/>
</kw>
<kw name="click on create button" library="resource">
<kw name="Click Element" library="SeleniumLibrary">
<arg>//div[contains(text(),'create')]</arg>
<doc>Click the element identified by ``locator``.</doc>
<msg timestamp="20240730 17:54:12.281" level="INFO">Clicking element '//div[contains(text(),'create')]'.</msg>
<status status="PASS" starttime="20240730 17:54:12.281" endtime="20240730 17:54:13.288"/>
</kw>
<status status="PASS" starttime="20240730 17:54:12.281" endtime="20240730 17:54:13.288"/>
</kw>
<kw name="click on new drone" library="resource">
<kw name="Click Element" library="SeleniumLibrary">
<arg>//span[normalize-space()='new drone']</arg>
<doc>Click the element identified by ``locator``.</doc>
<msg timestamp="20240730 17:54:13.288" level="INFO">Clicking element '//span[normalize-space()='new drone']'.</msg>
<status status="PASS" starttime="20240730 17:54:13.288" endtime="20240730 17:54:13.512"/>
</kw>
<status status="PASS" starttime="20240730 17:54:13.288" endtime="20240730 17:54:13.512"/>
</kw>
<kw name="Enter drone name" library="resource">
<kw name="Generate Random String" library="String">
<var>${random_name}</var>
<arg>3</arg>
<arg>12345678</arg>
<doc>Generates a string with a desired ``length`` from the given ``chars``.</doc>
<msg timestamp="20240730 17:54:13.512" level="INFO">${random_name} = 154</msg>
<status status="PASS" starttime="20240730 17:54:13.512" endtime="20240730 17:54:13.512"/>
</kw>
<kw name="Input Text" library="SeleniumLibrary">
<arg>//input[@placeholder='Enter drone name']</arg>
<arg>Drone_${random_name}</arg>
<doc>Types the given ``text`` into the text field identified by ``locator``.</doc>
<msg timestamp="20240730 17:54:13.512" level="INFO">Typing text 'Drone_154' into text field '//input[@placeholder='Enter drone name']'.</msg>
<status status="PASS" starttime="20240730 17:54:13.512" endtime="20240730 17:54:13.912"/>
</kw>
<status status="PASS" starttime="20240730 17:54:13.512" endtime="20240730 17:54:13.912"/>
</kw>
<kw name="Enter drone UUIN" library="resource">
<kw name="Generate Random String" library="String">
<var>${random_UUIN}</var>
<arg>5</arg>
<arg>12345678</arg>
<doc>Generates a string with a desired ``length`` from the given ``chars``.</doc>
<msg timestamp="20240730 17:54:13.912" level="INFO">${random_UUIN} = 57756</msg>
<status status="PASS" starttime="20240730 17:54:13.912" endtime="20240730 17:54:13.912"/>
</kw>
<kw name="Input Text" library="SeleniumLibrary">
<arg>//input[@placeholder='Enter drone UIN']</arg>
<arg>${random_UUIN}</arg>
<doc>Types the given ``text`` into the text field identified by ``locator``.</doc>
<msg timestamp="20240730 17:54:13.912" level="INFO">Typing text '57756' into text field '//input[@placeholder='Enter drone UIN']'.</msg>
<status status="PASS" starttime="20240730 17:54:13.912" endtime="20240730 17:54:14.165"/>
</kw>
<status status="PASS" starttime="20240730 17:54:13.912" endtime="20240730 17:54:14.165"/>
</kw>
<kw name="select A410 drone type" library="resource">
<kw name="Click Element" library="SeleniumLibrary">
<arg>//div[@class='SelectionList__header-text']</arg>
<doc>Click the element identified by ``locator``.</doc>
<msg timestamp="20240730 17:54:14.165" level="INFO">Clicking element '//div[@class='SelectionList__header-text']'.</msg>
<status status="PASS" starttime="20240730 17:54:14.165" endtime="20240730 17:54:14.274"/>
</kw>
<kw name="Click Element" library="SeleniumLibrary">
<arg>//button[normalize-space()='A410']</arg>
<doc>Click the element identified by ``locator``.</doc>
<msg timestamp="20240730 17:54:14.275" level="INFO">Clicking element '//button[normalize-space()='A410']'.</msg>
<status status="PASS" starttime="20240730 17:54:14.275" endtime="20240730 17:54:14.403"/>
</kw>
<status status="PASS" starttime="20240730 17:54:14.165" endtime="20240730 17:54:14.403"/>
</kw>
<kw name="Save drone" library="resource">
<kw name="Click Element" library="SeleniumLibrary">
<arg>//div[normalize-space()='Save Drone']</arg>
<doc>Click the element identified by ``locator``.</doc>
<msg timestamp="20240730 17:54:14.403" level="INFO">Clicking element '//div[normalize-space()='Save Drone']'.</msg>
<status status="PASS" starttime="20240730 17:54:14.403" endtime="20240730 17:54:14.528"/>
</kw>
<status status="PASS" starttime="20240730 17:54:14.403" endtime="20240730 17:54:14.528"/>
</kw>
<kw name="Click Element" library="SeleniumLibrary">
<arg>//i[@class='Icon Icon-close']</arg>
<doc>Click the element identified by ``locator``.</doc>
<msg timestamp="20240730 17:54:14.528" level="INFO">Clicking element '//i[@class='Icon Icon-close']'.</msg>
<status status="PASS" starttime="20240730 17:54:14.528" endtime="20240730 17:54:15.264"/>
</kw>
<kw name="click on create button" library="resource">
<kw name="Click Element" library="SeleniumLibrary">
<arg>//div[contains(text(),'create')]</arg>
<doc>Click the element identified by ``locator``.</doc>
<msg timestamp="20240730 17:54:15.264" level="INFO">Clicking element '//div[contains(text(),'create')]'.</msg>
<status status="PASS" starttime="20240730 17:54:15.264" endtime="20240730 17:54:16.300"/>
</kw>
<status status="PASS" starttime="20240730 17:54:15.264" endtime="20240730 17:54:16.300"/>
</kw>
<kw name="click on new drone" library="resource">
<kw name="Click Element" library="SeleniumLibrary">
<arg>//span[normalize-space()='new drone']</arg>
<doc>Click the element identified by ``locator``.</doc>
<msg timestamp="20240730 17:54:16.300" level="INFO">Clicking element '//span[normalize-space()='new drone']'.</msg>
<status status="PASS" starttime="20240730 17:54:16.300" endtime="20240730 17:54:16.479"/>
</kw>
<status status="PASS" starttime="20240730 17:54:16.300" endtime="20240730 17:54:16.479"/>
</kw>
<kw name="Enter drone name" library="resource">
<kw name="Generate Random String" library="String">
<var>${random_name}</var>
<arg>3</arg>
<arg>12345678</arg>
<doc>Generates a string with a desired ``length`` from the given ``chars``.</doc>
<msg timestamp="20240730 17:54:16.479" level="INFO">${random_name} = 718</msg>
<status status="PASS" starttime="20240730 17:54:16.479" endtime="20240730 17:54:16.479"/>
</kw>
<kw name="Input Text" library="SeleniumLibrary">
<arg>//input[@placeholder='Enter drone name']</arg>
<arg>Drone_${random_name}</arg>
<doc>Types the given ``text`` into the text field identified by ``locator``.</doc>
<msg timestamp="20240730 17:54:16.479" level="INFO">Typing text 'Drone_718' into text field '//input[@placeholder='Enter drone name']'.</msg>
<status status="PASS" starttime="20240730 17:54:16.479" endtime="20240730 17:54:16.763"/>
</kw>
<status status="PASS" starttime="20240730 17:54:16.479" endtime="20240730 17:54:16.763"/>
</kw>
<kw name="Enter drone UUIN" library="resource">
<kw name="Generate Random String" library="String">
<var>${random_UUIN}</var>
<arg>5</arg>
<arg>12345678</arg>
<doc>Generates a string with a desired ``length`` from the given ``chars``.</doc>
<msg timestamp="20240730 17:54:16.763" level="INFO">${random_UUIN} = 46585</msg>
<status status="PASS" starttime="20240730 17:54:16.763" endtime="20240730 17:54:16.763"/>
</kw>
<kw name="Input Text" library="SeleniumLibrary">
<arg>//input[@placeholder='Enter drone UIN']</arg>
<arg>${random_UUIN}</arg>
<doc>Types the given ``text`` into the text field identified by ``locator``.</doc>
<msg timestamp="20240730 17:54:16.763" level="INFO">Typing text '46585' into text field '//input[@placeholder='Enter drone UIN']'.</msg>
<status status="PASS" starttime="20240730 17:54:16.763" endtime="20240730 17:54:16.989"/>
</kw>
<status status="PASS" starttime="20240730 17:54:16.763" endtime="20240730 17:54:16.989"/>
</kw>
<kw name="select A410-XT drone type" library="resource">
<kw name="Click Element" library="SeleniumLibrary">
<arg>//div[@class='SelectionList__header-text']</arg>
<doc>Click the element identified by ``locator``.</doc>
<msg timestamp="20240730 17:54:16.989" level="INFO">Clicking element '//div[@class='SelectionList__header-text']'.</msg>
<status status="PASS" starttime="20240730 17:54:16.989" endtime="20240730 17:54:17.081"/>
</kw>
<kw name="Click Element" library="SeleniumLibrary">
<arg>//button[normalize-space()='A410-XT']</arg>
<doc>Click the element identified by ``locator``.</doc>
<msg timestamp="20240730 17:54:17.082" level="INFO">Clicking element '//button[normalize-space()='A410-XT']'.</msg>
<status status="PASS" starttime="20240730 17:54:17.081" endtime="20240730 17:54:17.181"/>
</kw>
<status status="PASS" starttime="20240730 17:54:16.989" endtime="20240730 17:54:17.181"/>
</kw>
<kw name="Save drone" library="resource">
<kw name="Click Element" library="SeleniumLibrary">
<arg>//div[normalize-space()='Save Drone']</arg>
<doc>Click the element identified by ``locator``.</doc>
<msg timestamp="20240730 17:54:17.181" level="INFO">Clicking element '//div[normalize-space()='Save Drone']'.</msg>
<status status="PASS" starttime="20240730 17:54:17.181" endtime="20240730 17:54:17.314"/>
</kw>
<status status="PASS" starttime="20240730 17:54:17.181" endtime="20240730 17:54:17.314"/>
</kw>
<kw name="Click Element" library="SeleniumLibrary">
<arg>//i[@class='Icon Icon-close']</arg>
<doc>Click the element identified by ``locator``.</doc>
<msg timestamp="20240730 17:54:17.314" level="INFO">Clicking element '//i[@class='Icon Icon-close']'.</msg>
<msg timestamp="20240730 17:54:19.246" level="INFO" html="true">&lt;/td&gt;&lt;/tr&gt;&lt;tr&gt;&lt;td colspan="3"&gt;&lt;a href="selenium-screenshot-1.png"&gt;&lt;img src="selenium-screenshot-1.png" width="800px"&gt;&lt;/a&gt;</msg>
<msg timestamp="20240730 17:54:19.246" level="FAIL">ElementClickInterceptedException: Message: element click intercepted: Element &lt;i role="none" class="Icon Icon-close"&gt;&lt;/i&gt; is not clickable at point (1460, 39). Other element would receive the click: &lt;div class="Alert Alert--info"&gt;...&lt;/div&gt;
  (Session info: chrome=126.0.6478.185)
Stacktrace:
	GetHandleVerifier [0x00007FF6FD2522C2+60002]
	(No symbol) [0x00007FF6FD1CCA59]
	(No symbol) [0x00007FF6FD087EDA]
	(No symbol) [0x00007FF6FD0DF39E]
	(No symbol) [0x00007FF6FD0DCD62]
	(No symbol) [0x00007FF6FD0DA1FB]
	(No symbol) [0x00007FF6FD0D93C6]
	(No symbol) [0x00007FF6FD0CB4D1]
	(No symbol) [0x00007FF6FD0FC28A]
	(No symbol) [0x00007FF6FD0CADF6]
	(No symbol) [0x00007FF6FD0FC4A0]
	(No symbol) [0x00007FF6FD11BCC7]
	(No symbol) [0x00007FF6FD0FC033]
	(No symbol) [0x00007FF6FD0C9657]
	(No symbol) [0x00007FF6FD0CA251]
	GetHandleVerifier [0x00007FF6FD563E2D+3278285]
	GetHandleVerifier [0x00007FF6FD5B0190+3590448]
	GetHandleVerifier [0x00007FF6FD5A61D0+3549552]
	GetHandleVerifier [0x00007FF6FD301DE6+779654]
	(No symbol) [0x00007FF6FD1D7ACF]
	(No symbol) [0x00007FF6FD1D2EE4]
	(No symbol) [0x00007FF6FD1D3072]
	(No symbol) [0x00007FF6FD1C2C4F]
	BaseThreadInitThunk [0x00007FFB6C027374+20]
	RtlUserThreadStart [0x00007FFB6CB3CC91+33]
</msg>
<status status="FAIL" starttime="20240730 17:54:17.314" endtime="20240730 17:54:19.287"/>
</kw>
<kw name="click on create button" library="resource">
<status status="NOT RUN" starttime="20240730 17:54:19.287" endtime="20240730 17:54:19.287"/>
</kw>
<kw name="click on new drone" library="resource">
<status status="NOT RUN" starttime="20240730 17:54:19.287" endtime="20240730 17:54:19.287"/>
</kw>
<kw name="Enter drone name" library="resource">
<status status="NOT RUN" starttime="20240730 17:54:19.287" endtime="20240730 17:54:19.287"/>
</kw>
<kw name="Enter drone UUIN" library="resource">
<status status="NOT RUN" starttime="20240730 17:54:19.287" endtime="20240730 17:54:19.287"/>
</kw>
<kw name="select A200-XT drone type" library="resource">
<status status="NOT RUN" starttime="20240730 17:54:19.287" endtime="20240730 17:54:19.287"/>
</kw>
<kw name="Save drone" library="resource">
<status status="NOT RUN" starttime="20240730 17:54:19.287" endtime="20240730 17:54:19.287"/>
</kw>
<kw name="Click Element" library="SeleniumLibrary">
<arg>//i[@class='Icon Icon-close']</arg>
<doc>Click the element identified by ``locator``.</doc>
<status status="NOT RUN" starttime="20240730 17:54:19.287" endtime="20240730 17:54:19.287"/>
</kw>
<kw name="click on create button" library="resource">
<status status="NOT RUN" starttime="20240730 17:54:19.287" endtime="20240730 17:54:19.287"/>
</kw>
<kw name="click on new drone" library="resource">
<status status="NOT RUN" starttime="20240730 17:54:19.287" endtime="20240730 17:54:19.287"/>
</kw>
<kw name="Enter drone name" library="resource">
<status status="NOT RUN" starttime="20240730 17:54:19.287" endtime="20240730 17:54:19.287"/>
</kw>
<kw name="Enter drone UUIN" library="resource">
<status status="NOT RUN" starttime="20240730 17:54:19.287" endtime="20240730 17:54:19.287"/>
</kw>
<kw name="select AT-05 drone type" library="resource">
<status status="NOT RUN" starttime="20240730 17:54:19.287" endtime="20240730 17:54:19.287"/>
</kw>
<kw name="Save drone" library="resource">
<status status="NOT RUN" starttime="20240730 17:54:19.287" endtime="20240730 17:54:19.287"/>
</kw>
<kw name="Close Browser" library="SeleniumLibrary">
<doc>Closes the current browser.</doc>
<status status="NOT RUN" starttime="20240730 17:54:19.287" endtime="20240730 17:54:19.287"/>
</kw>
<kw name="Close Window" library="SeleniumLibrary">
<doc>Closes currently opened and selected browser window/tab.</doc>
<status status="NOT RUN" starttime="20240730 17:54:19.295" endtime="20240730 17:54:19.295"/>
</kw>
<status status="FAIL" starttime="20240730 17:53:59.629" endtime="20240730 17:54:19.295"/>
</kw>
<status status="FAIL" starttime="20240730 17:53:59.613" endtime="20240730 17:54:19.295">ElementClickInterceptedException: Message: element click intercepted: Element &lt;i role="none" class="Icon Icon-close"&gt;&lt;/i&gt; is not clickable at point (1460, 39). Other element would receive the click: &lt;div class="Alert Alert--info"&gt;...&lt;/div&gt;
  (Session info: chrome=126.0.6478.185)
Stacktrace:
	GetHandleVerifier [0x00007FF6FD2522C2+60002]
	(No symbol) [0x00007FF6FD1CCA59]
	(No symbol) [0x00007FF6FD087EDA]
	(No symbol) [0x00007FF6FD0DF39E]
	(No symbol) [0x00007FF6FD0DCD62]
	(No symbol) [0x00007FF6FD0DA1FB]
	(No symbol) [0x00007FF6FD0D93C6]
	(No symbol) [0x00007FF6FD0CB4D1]
	(No symbol) [0x00007FF6FD0FC28A]
	(No symbol) [0x00007FF6FD0CADF6]
	(No symbol) [0x00007FF6FD0FC4A0]
	(No symbol) [0x00007FF6FD11BCC7]
	(No symbol) [0x00007FF6FD0FC033]
	(No symbol) [0x00007FF6FD0C9657]
	(No symbol) [0x00007FF6FD0CA251]
	GetHandleVerifier [0x00007FF6FD563E2D+3278285]
	GetHandleVerifier [0x00007FF6FD5B0190+3590448]
	GetHandleVerifier [0x00007FF6FD5A61D0+3549552]
	GetHandleVerifier [0x00007FF6FD301DE6+779654]
	(No symbol) [0x00007FF6FD1D7ACF]
	(No symbol) [0x00007FF6FD1D2EE4]
	(No symbol) [0x00007FF6FD1D3072]
	(No symbol) [0x00007FF6FD1C2C4F]
	BaseThreadInitThunk [0x00007FFB6C027374+20]
	RtlUserThreadStart [0x00007FFB6CB3CC91+33]
</status>
</test>
<doc>This test case is used to create drones</doc>
<status status="FAIL" starttime="20240730 17:53:31.364" endtime="20240730 17:54:19.295"/>
</suite>
<suite id="s1-s1-s2" name="Delete Drone" source="D:\SkYDECK_Stage_QA_Automation-master\STAGING\FLEETS\Drones\delete_drone.robot">
<test id="s1-s1-s2-t1" name="Delete Drone" line="9">
<kw name="delete drones">
<arg>Drone_365</arg>
<kw name="open Skydeck application in Chrome browser" library="resource">
<kw name="Create Webdriver" library="SeleniumLibrary">
<arg>Chrome</arg>
<arg>executable_path=D:/chromedriver-win64/chromedriver-win64/chromedriver.exe</arg>
<doc>Creates an instance of Selenium WebDriver.</doc>
<msg timestamp="20240730 17:54:19.363" level="INFO">Creating an instance of the Chrome WebDriver.</msg>
<status status="PASS" starttime="20240730 17:54:19.363" endtime="20240730 17:54:21.101"/>
</kw>
<kw name="Go To" library="SeleniumLibrary">
<arg>${stage_Url}</arg>
<doc>Navigates the current browser window to the provided ``url``.</doc>
<msg timestamp="20240730 17:54:21.101" level="INFO">Opening url 'https://skydeck-staging.asteria.co.in/ui/dashboard/e596c680-cefb-4ec5-bf55-920ac3a5e0ad'</msg>
<status status="PASS" starttime="20240730 17:54:21.101" endtime="20240730 17:54:23.330"/>
</kw>
<kw name="Maximize Browser Window" library="SeleniumLibrary">
<doc>Maximizes current browser window.</doc>
<status status="PASS" starttime="20240730 17:54:23.331" endtime="20240730 17:54:23.376"/>
</kw>
<kw name="Set Browser Implicit Wait" library="SeleniumLibrary">
<arg>10</arg>
<doc>Sets the implicit wait value used by Selenium.</doc>
<status status="PASS" starttime="20240730 17:54:23.376" endtime="20240730 17:54:23.380"/>
</kw>
<status status="PASS" starttime="20240730 17:54:19.363" endtime="20240730 17:54:23.381"/>
</kw>
<kw name="Provide login credentials" library="resource">
<kw name="Input Text" library="SeleniumLibrary">
<arg>//input[@placeholder='yours@example.com']</arg>
<arg>${user_name}</arg>
<doc>Types the given ``text`` into the text field identified by ``locator``.</doc>
<msg timestamp="20240730 17:54:23.383" level="INFO">Typing text 'ganesh.l@asteria.co.in' into text field '//input[@placeholder='yours@example.com']'.</msg>
<status status="PASS" starttime="20240730 17:54:23.382" endtime="20240730 17:54:24.514"/>
</kw>
<kw name="Input Password" library="SeleniumLibrary">
<arg>//input[@placeholder='your password']</arg>
<arg>${PASSWORD}</arg>
<doc>Types the given password into the text field identified by ``locator``.</doc>
<msg timestamp="20240730 17:54:24.514" level="INFO">Typing password into text field '//input[@placeholder='your password']'.</msg>
<msg timestamp="20240730 17:54:24.575" level="INFO">Temporally setting log level to: NONE</msg>
<msg timestamp="20240730 17:54:24.686" level="INFO">Log level changed from NONE to INFO.</msg>
<status status="PASS" starttime="20240730 17:54:24.514" endtime="20240730 17:54:24.686"/>
</kw>
<kw name="Click Button" library="SeleniumLibrary">
<arg>//button[@name='submit']</arg>
<doc>Clicks the button identified by ``locator``.</doc>
<msg timestamp="20240730 17:54:24.688" level="INFO">Clicking button '//button[@name='submit']'.</msg>
<status status="PASS" starttime="20240730 17:54:24.688" endtime="20240730 17:54:24.891"/>
</kw>
<kw name="Set Browser Implicit Wait" library="SeleniumLibrary">
<arg>10</arg>
<doc>Sets the implicit wait value used by Selenium.</doc>
<status status="PASS" starttime="20240730 17:54:24.891" endtime="20240730 17:54:24.891"/>
</kw>
<status status="PASS" starttime="20240730 17:54:23.381" endtime="20240730 17:54:24.891"/>
</kw>
<kw name="Click on Fleets module" library="resource">
<kw name="Click Element" library="SeleniumLibrary">
<arg>//img[@alt='Fleets']</arg>
<doc>Click the element identified by ``locator``.</doc>
<msg timestamp="20240730 17:54:24.895" level="INFO">Clicking element '//img[@alt='Fleets']'.</msg>
<status status="PASS" starttime="20240730 17:54:24.891" endtime="20240730 17:54:29.568"/>
</kw>
<status status="PASS" starttime="20240730 17:54:24.891" endtime="20240730 17:54:29.568"/>
</kw>
<kw name="Click on Drone option in Fleets page" library="resource">
<kw name="Mouse Over" library="SeleniumLibrary">
<arg>(//div[@class='Card TeamStatusCard'])[2]</arg>
<doc>Simulates hovering the mouse over the element ``locator``.</doc>
<msg timestamp="20240730 17:54:29.568" level="INFO">Simulating Mouse Over on element '(//div[@class='Card TeamStatusCard'])[2]'.</msg>
<status status="PASS" starttime="20240730 17:54:29.568" endtime="20240730 17:54:29.920"/>
</kw>
<kw name="Click Element" library="SeleniumLibrary">
<arg>(//div[@class='Button__text'][normalize-space()='view'])[2]</arg>
<doc>Click the element identified by ``locator``.</doc>
<msg timestamp="20240730 17:54:29.920" level="INFO">Clicking element '(//div[@class='Button__text'][normalize-space()='view'])[2]'.</msg>
<status status="PASS" starttime="20240730 17:54:29.920" endtime="20240730 17:54:30.097"/>
</kw>
<status status="PASS" starttime="20240730 17:54:29.568" endtime="20240730 17:54:30.097"/>
</kw>
<kw name="Drone to be Deleted" library="resource">
<arg>${dronename}</arg>
<kw name="Scroll Element Into View" library="SeleniumLibrary">
<arg>//tbody/tr/td[2]</arg>
<doc>Scrolls the element identified by ``locator`` into view.</doc>
<status status="PASS" starttime="20240730 17:54:30.097" endtime="20240730 17:54:30.670"/>
</kw>
<kw name="Get WebElements" library="SeleniumLibrary">
<var>${dronenames}</var>
<arg>//tbody/tr/td[2]</arg>
<doc>Returns a list of WebElement objects matching the ``locator``.</doc>
<msg timestamp="20240730 17:54:30.716" level="INFO">${dronenames} = [&lt;selenium.webdriver.remote.webelement.WebElement (session="c3d79f51f6b481b0c5fcb810b40e8eb0", element="f.6192E0957FC67B8267ED5E35970121F6.d.471E012042F5D0CA6EBE8641A518E631.e.73")&gt;, &lt;selenium.webdriv...</msg>
<status status="PASS" starttime="20240730 17:54:30.670" endtime="20240730 17:54:30.716"/>
</kw>
<kw name="Set Variable" library="BuiltIn">
<var>${index}</var>
<arg>1</arg>
<doc>Returns the given values which can then be assigned to a variables.</doc>
<msg timestamp="20240730 17:54:30.716" level="INFO">${index} = 1</msg>
<status status="PASS" starttime="20240730 17:54:30.716" endtime="20240730 17:54:30.716"/>
</kw>
<for flavor="IN">
<var>${title}</var>
<value>@{dronenames}</value>
<iter>
<var name="${title}">&lt;selenium.webdriver.remote.webelement.WebElement (session="c3d79f51f6b481b0c5fcb810b40e8eb0", element="f.6192E0957FC67B8267ED5E35970121F6.d.471E012042F5D0CA6EBE8641A518E631.e.73")&gt;</var>
<kw name="Exit For Loop If" library="BuiltIn">
<arg>'${dronename}'=='${title.text}'</arg>
<doc>Stops executing the enclosing FOR loop if the ``condition`` is true.</doc>
<status status="PASS" starttime="20240730 17:54:30.716" endtime="20240730 17:54:30.773"/>
</kw>
<kw name="Evaluate" library="BuiltIn">
<var>${index}</var>
<arg>${index} + 1</arg>
<doc>Evaluates the given expression in Python and returns the result.</doc>
<msg timestamp="20240730 17:54:30.773" level="INFO">${index} = 2</msg>
<status status="PASS" starttime="20240730 17:54:30.773" endtime="20240730 17:54:30.773"/>
</kw>
<status status="PASS" starttime="20240730 17:54:30.716" endtime="20240730 17:54:30.773"/>
</iter>
<iter>
<var name="${title}">&lt;selenium.webdriver.remote.webelement.WebElement (session="c3d79f51f6b481b0c5fcb810b40e8eb0", element="f.6192E0957FC67B8267ED5E35970121F6.d.471E012042F5D0CA6EBE8641A518E631.e.74")&gt;</var>
<kw name="Exit For Loop If" library="BuiltIn">
<arg>'${dronename}'=='${title.text}'</arg>
<doc>Stops executing the enclosing FOR loop if the ``condition`` is true.</doc>
<status status="PASS" starttime="20240730 17:54:30.773" endtime="20240730 17:54:30.808"/>
</kw>
<kw name="Evaluate" library="BuiltIn">
<var>${index}</var>
<arg>${index} + 1</arg>
<doc>Evaluates the given expression in Python and returns the result.</doc>
<msg timestamp="20240730 17:54:30.808" level="INFO">${index} = 3</msg>
<status status="PASS" starttime="20240730 17:54:30.808" endtime="20240730 17:54:30.808"/>
</kw>
<status status="PASS" starttime="20240730 17:54:30.773" endtime="20240730 17:54:30.808"/>
</iter>
<iter>
<var name="${title}">&lt;selenium.webdriver.remote.webelement.WebElement (session="c3d79f51f6b481b0c5fcb810b40e8eb0", element="f.6192E0957FC67B8267ED5E35970121F6.d.471E012042F5D0CA6EBE8641A518E631.e.75")&gt;</var>
<kw name="Exit For Loop If" library="BuiltIn">
<arg>'${dronename}'=='${title.text}'</arg>
<doc>Stops executing the enclosing FOR loop if the ``condition`` is true.</doc>
<status status="PASS" starttime="20240730 17:54:30.808" endtime="20240730 17:54:30.833"/>
</kw>
<kw name="Evaluate" library="BuiltIn">
<var>${index}</var>
<arg>${index} + 1</arg>
<doc>Evaluates the given expression in Python and returns the result.</doc>
<msg timestamp="20240730 17:54:30.833" level="INFO">${index} = 4</msg>
<status status="PASS" starttime="20240730 17:54:30.833" endtime="20240730 17:54:30.833"/>
</kw>
<status status="PASS" starttime="20240730 17:54:30.808" endtime="20240730 17:54:30.833"/>
</iter>
<iter>
<var name="${title}">&lt;selenium.webdriver.remote.webelement.WebElement (session="c3d79f51f6b481b0c5fcb810b40e8eb0", element="f.6192E0957FC67B8267ED5E35970121F6.d.471E012042F5D0CA6EBE8641A518E631.e.76")&gt;</var>
<kw name="Exit For Loop If" library="BuiltIn">
<arg>'${dronename}'=='${title.text}'</arg>
<doc>Stops executing the enclosing FOR loop if the ``condition`` is true.</doc>
<status status="PASS" starttime="20240730 17:54:30.833" endtime="20240730 17:54:30.864"/>
</kw>
<kw name="Evaluate" library="BuiltIn">
<var>${index}</var>
<arg>${index} + 1</arg>
<doc>Evaluates the given expression in Python and returns the result.</doc>
<msg timestamp="20240730 17:54:30.864" level="INFO">${index} = 5</msg>
<status status="PASS" starttime="20240730 17:54:30.864" endtime="20240730 17:54:30.864"/>
</kw>
<status status="PASS" starttime="20240730 17:54:30.833" endtime="20240730 17:54:30.864"/>
</iter>
<iter>
<var name="${title}">&lt;selenium.webdriver.remote.webelement.WebElement (session="c3d79f51f6b481b0c5fcb810b40e8eb0", element="f.6192E0957FC67B8267ED5E35970121F6.d.471E012042F5D0CA6EBE8641A518E631.e.77")&gt;</var>
<kw name="Exit For Loop If" library="BuiltIn">
<arg>'${dronename}'=='${title.text}'</arg>
<doc>Stops executing the enclosing FOR loop if the ``condition`` is true.</doc>
<status status="PASS" starttime="20240730 17:54:30.864" endtime="20240730 17:54:30.888"/>
</kw>
<kw name="Evaluate" library="BuiltIn">
<var>${index}</var>
<arg>${index} + 1</arg>
<doc>Evaluates the given expression in Python and returns the result.</doc>
<msg timestamp="20240730 17:54:30.888" level="INFO">${index} = 6</msg>
<status status="PASS" starttime="20240730 17:54:30.888" endtime="20240730 17:54:30.888"/>
</kw>
<status status="PASS" starttime="20240730 17:54:30.864" endtime="20240730 17:54:30.888"/>
</iter>
<iter>
<var name="${title}">&lt;selenium.webdriver.remote.webelement.WebElement (session="c3d79f51f6b481b0c5fcb810b40e8eb0", element="f.6192E0957FC67B8267ED5E35970121F6.d.471E012042F5D0CA6EBE8641A518E631.e.78")&gt;</var>
<kw name="Exit For Loop If" library="BuiltIn">
<arg>'${dronename}'=='${title.text}'</arg>
<doc>Stops executing the enclosing FOR loop if the ``condition`` is true.</doc>
<status status="PASS" starttime="20240730 17:54:30.888" endtime="20240730 17:54:30.916"/>
</kw>
<kw name="Evaluate" library="BuiltIn">
<var>${index}</var>
<arg>${index} + 1</arg>
<doc>Evaluates the given expression in Python and returns the result.</doc>
<msg timestamp="20240730 17:54:30.918" level="INFO">${index} = 7</msg>
<status status="PASS" starttime="20240730 17:54:30.916" endtime="20240730 17:54:30.918"/>
</kw>
<status status="PASS" starttime="20240730 17:54:30.888" endtime="20240730 17:54:30.918"/>
</iter>
<iter>
<var name="${title}">&lt;selenium.webdriver.remote.webelement.WebElement (session="c3d79f51f6b481b0c5fcb810b40e8eb0", element="f.6192E0957FC67B8267ED5E35970121F6.d.471E012042F5D0CA6EBE8641A518E631.e.79")&gt;</var>
<kw name="Exit For Loop If" library="BuiltIn">
<arg>'${dronename}'=='${title.text}'</arg>
<doc>Stops executing the enclosing FOR loop if the ``condition`` is true.</doc>
<status status="PASS" starttime="20240730 17:54:30.918" endtime="20240730 17:54:30.948"/>
</kw>
<kw name="Evaluate" library="BuiltIn">
<var>${index}</var>
<arg>${index} + 1</arg>
<doc>Evaluates the given expression in Python and returns the result.</doc>
<msg timestamp="20240730 17:54:30.948" level="INFO">${index} = 8</msg>
<status status="PASS" starttime="20240730 17:54:30.948" endtime="20240730 17:54:30.948"/>
</kw>
<status status="PASS" starttime="20240730 17:54:30.918" endtime="20240730 17:54:30.948"/>
</iter>
<iter>
<var name="${title}">&lt;selenium.webdriver.remote.webelement.WebElement (session="c3d79f51f6b481b0c5fcb810b40e8eb0", element="f.6192E0957FC67B8267ED5E35970121F6.d.471E012042F5D0CA6EBE8641A518E631.e.80")&gt;</var>
<kw name="Exit For Loop If" library="BuiltIn">
<arg>'${dronename}'=='${title.text}'</arg>
<doc>Stops executing the enclosing FOR loop if the ``condition`` is true.</doc>
<status status="PASS" starttime="20240730 17:54:30.948" endtime="20240730 17:54:30.980"/>
</kw>
<kw name="Evaluate" library="BuiltIn">
<var>${index}</var>
<arg>${index} + 1</arg>
<doc>Evaluates the given expression in Python and returns the result.</doc>
<msg timestamp="20240730 17:54:30.980" level="INFO">${index} = 9</msg>
<status status="PASS" starttime="20240730 17:54:30.980" endtime="20240730 17:54:30.980"/>
</kw>
<status status="PASS" starttime="20240730 17:54:30.948" endtime="20240730 17:54:30.980"/>
</iter>
<iter>
<var name="${title}">&lt;selenium.webdriver.remote.webelement.WebElement (session="c3d79f51f6b481b0c5fcb810b40e8eb0", element="f.6192E0957FC67B8267ED5E35970121F6.d.471E012042F5D0CA6EBE8641A518E631.e.81")&gt;</var>
<kw name="Exit For Loop If" library="BuiltIn">
<arg>'${dronename}'=='${title.text}'</arg>
<doc>Stops executing the enclosing FOR loop if the ``condition`` is true.</doc>
<status status="PASS" starttime="20240730 17:54:30.980" endtime="20240730 17:54:31.016"/>
</kw>
<kw name="Evaluate" library="BuiltIn">
<var>${index}</var>
<arg>${index} + 1</arg>
<doc>Evaluates the given expression in Python and returns the result.</doc>
<msg timestamp="20240730 17:54:31.016" level="INFO">${index} = 10</msg>
<status status="PASS" starttime="20240730 17:54:31.016" endtime="20240730 17:54:31.016"/>
</kw>
<status status="PASS" starttime="20240730 17:54:30.980" endtime="20240730 17:54:31.016"/>
</iter>
<iter>
<var name="${title}">&lt;selenium.webdriver.remote.webelement.WebElement (session="c3d79f51f6b481b0c5fcb810b40e8eb0", element="f.6192E0957FC67B8267ED5E35970121F6.d.471E012042F5D0CA6EBE8641A518E631.e.82")&gt;</var>
<kw name="Exit For Loop If" library="BuiltIn">
<arg>'${dronename}'=='${title.text}'</arg>
<doc>Stops executing the enclosing FOR loop if the ``condition`` is true.</doc>
<status status="PASS" starttime="20240730 17:54:31.016" endtime="20240730 17:54:31.048"/>
</kw>
<kw name="Evaluate" library="BuiltIn">
<var>${index}</var>
<arg>${index} + 1</arg>
<doc>Evaluates the given expression in Python and returns the result.</doc>
<msg timestamp="20240730 17:54:31.048" level="INFO">${index} = 11</msg>
<status status="PASS" starttime="20240730 17:54:31.048" endtime="20240730 17:54:31.048"/>
</kw>
<status status="PASS" starttime="20240730 17:54:31.016" endtime="20240730 17:54:31.048"/>
</iter>
<status status="PASS" starttime="20240730 17:54:30.716" endtime="20240730 17:54:31.048"/>
</for>
<kw name="Scroll Element Into View" library="SeleniumLibrary">
<arg>//tbody[1]/tr[${index}]/td[1]/i[1]</arg>
<doc>Scrolls the element identified by ``locator`` into view.</doc>
<msg timestamp="20240730 17:54:41.310" level="INFO" html="true">&lt;/td&gt;&lt;/tr&gt;&lt;tr&gt;&lt;td colspan="3"&gt;&lt;a href="selenium-screenshot-2.png"&gt;&lt;img src="selenium-screenshot-2.png" width="800px"&gt;&lt;/a&gt;</msg>
<msg timestamp="20240730 17:54:41.310" level="FAIL">Element with locator '//tbody[1]/tr[11]/td[1]/i[1]' not found.</msg>
<status status="FAIL" starttime="20240730 17:54:31.048" endtime="20240730 17:54:41.327"/>
</kw>
<kw name="Click Element" library="SeleniumLibrary">
<arg>//tbody[1]/tr[${index}]/td[1]/i[1]</arg>
<doc>Click the element identified by ``locator``.</doc>
<status status="NOT RUN" starttime="20240730 17:54:41.327" endtime="20240730 17:54:41.327"/>
</kw>
<kw name="Click Element" library="SeleniumLibrary">
<arg>//div[contains(text(),'Remove selected drone(s)')]</arg>
<doc>Click the element identified by ``locator``.</doc>
<status status="NOT RUN" starttime="20240730 17:54:41.327" endtime="20240730 17:54:41.327"/>
</kw>
<kw name="Click Element" library="SeleniumLibrary">
<arg>//div[normalize-space()='Delete']</arg>
<doc>Click the element identified by ``locator``.</doc>
<status status="NOT RUN" starttime="20240730 17:54:41.327" endtime="20240730 17:54:41.327"/>
</kw>
<status status="FAIL" starttime="20240730 17:54:30.097" endtime="20240730 17:54:41.327"/>
</kw>
<kw name="Close Browser" library="SeleniumLibrary">
<doc>Closes the current browser.</doc>
<status status="NOT RUN" starttime="20240730 17:54:41.327" endtime="20240730 17:54:41.327"/>
</kw>
<status status="FAIL" starttime="20240730 17:54:19.363" endtime="20240730 17:54:41.327"/>
</kw>
<status status="FAIL" starttime="20240730 17:54:19.363" endtime="20240730 17:54:41.327">Element with locator '//tbody[1]/tr[11]/td[1]/i[1]' not found.</status>
</test>
<doc>This test case is used to delete drones</doc>
<status status="FAIL" starttime="20240730 17:54:19.298" endtime="20240730 17:54:41.327"/>
</suite>
<suite id="s1-s1-s3" name="Drone Name Field Validation" source="D:\SkYDECK_Stage_QA_Automation-master\STAGING\FLEETS\Drones\drone_name_field_validation.robot">
<test id="s1-s1-s3-t1" name="Error message should be displayed if the length of drone name is less than 5 chratacters" line="8">
<kw name="open Skydeck application in Chrome browser" library="resource">
<kw name="Create Webdriver" library="SeleniumLibrary">
<arg>Chrome</arg>
<arg>executable_path=D:/chromedriver-win64/chromedriver-win64/chromedriver.exe</arg>
<doc>Creates an instance of Selenium WebDriver.</doc>
<msg timestamp="20240730 17:54:41.358" level="INFO">Creating an instance of the Chrome WebDriver.</msg>
<status status="PASS" starttime="20240730 17:54:41.358" endtime="20240730 17:54:43.228"/>
</kw>
<kw name="Go To" library="SeleniumLibrary">
<arg>${stage_Url}</arg>
<doc>Navigates the current browser window to the provided ``url``.</doc>
<msg timestamp="20240730 17:54:43.229" level="INFO">Opening url 'https://skydeck-staging.asteria.co.in/ui/dashboard/e596c680-cefb-4ec5-bf55-920ac3a5e0ad'</msg>
<status status="PASS" starttime="20240730 17:54:43.228" endtime="20240730 17:54:43.367"/>
</kw>
<kw name="Maximize Browser Window" library="SeleniumLibrary">
<doc>Maximizes current browser window.</doc>
<status status="PASS" starttime="20240730 17:54:43.367" endtime="20240730 17:54:45.935"/>
</kw>
<kw name="Set Browser Implicit Wait" library="SeleniumLibrary">
<arg>10</arg>
<doc>Sets the implicit wait value used by Selenium.</doc>
<status status="PASS" starttime="20240730 17:54:45.935" endtime="20240730 17:54:45.937"/>
</kw>
<status status="PASS" starttime="20240730 17:54:41.358" endtime="20240730 17:54:45.937"/>
</kw>
<kw name="Provide login credentials" library="resource">
<kw name="Input Text" library="SeleniumLibrary">
<arg>//input[@placeholder='yours@example.com']</arg>
<arg>${user_name}</arg>
<doc>Types the given ``text`` into the text field identified by ``locator``.</doc>
<msg timestamp="20240730 17:54:45.937" level="INFO">Typing text 'ganesh.l@asteria.co.in' into text field '//input[@placeholder='yours@example.com']'.</msg>
<status status="PASS" starttime="20240730 17:54:45.937" endtime="20240730 17:54:47.234"/>
</kw>
<kw name="Input Password" library="SeleniumLibrary">
<arg>//input[@placeholder='your password']</arg>
<arg>${PASSWORD}</arg>
<doc>Types the given password into the text field identified by ``locator``.</doc>
<msg timestamp="20240730 17:54:47.244" level="INFO">Typing password into text field '//input[@placeholder='your password']'.</msg>
<msg timestamp="20240730 17:54:47.400" level="INFO">Temporally setting log level to: NONE</msg>
<msg timestamp="20240730 17:54:47.700" level="INFO">Log level changed from NONE to INFO.</msg>
<status status="PASS" starttime="20240730 17:54:47.234" endtime="20240730 17:54:47.700"/>
</kw>
<kw name="Click Button" library="SeleniumLibrary">
<arg>//button[@name='submit']</arg>
<doc>Clicks the button identified by ``locator``.</doc>
<msg timestamp="20240730 17:54:47.700" level="INFO">Clicking button '//button[@name='submit']'.</msg>
<status status="PASS" starttime="20240730 17:54:47.700" endtime="20240730 17:54:47.961"/>
</kw>
<kw name="Set Browser Implicit Wait" library="SeleniumLibrary">
<arg>10</arg>
<doc>Sets the implicit wait value used by Selenium.</doc>
<status status="PASS" starttime="20240730 17:54:47.962" endtime="20240730 17:54:47.963"/>
</kw>
<status status="PASS" starttime="20240730 17:54:45.937" endtime="20240730 17:54:47.963"/>
</kw>
<kw name="Click on Fleets module" library="resource">
<kw name="Click Element" library="SeleniumLibrary">
<arg>//img[@alt='Fleets']</arg>
<doc>Click the element identified by ``locator``.</doc>
<msg timestamp="20240730 17:54:47.963" level="INFO">Clicking element '//img[@alt='Fleets']'.</msg>
<status status="PASS" starttime="20240730 17:54:47.963" endtime="20240730 17:54:53.251"/>
</kw>
<status status="PASS" starttime="20240730 17:54:47.963" endtime="20240730 17:54:53.251"/>
</kw>
<kw name="click on create button" library="resource">
<kw name="Click Element" library="SeleniumLibrary">
<arg>//div[contains(text(),'create')]</arg>
<doc>Click the element identified by ``locator``.</doc>
<msg timestamp="20240730 17:54:53.251" level="INFO">Clicking element '//div[contains(text(),'create')]'.</msg>
<status status="PASS" starttime="20240730 17:54:53.251" endtime="20240730 17:54:53.480"/>
</kw>
<status status="PASS" starttime="20240730 17:54:53.251" endtime="20240730 17:54:53.480"/>
</kw>
<kw name="click on new drone" library="resource">
<kw name="Click Element" library="SeleniumLibrary">
<arg>//span[normalize-space()='new drone']</arg>
<doc>Click the element identified by ``locator``.</doc>
<msg timestamp="20240730 17:54:53.481" level="INFO">Clicking element '//span[normalize-space()='new drone']'.</msg>
<status status="PASS" starttime="20240730 17:54:53.480" endtime="20240730 17:54:53.646"/>
</kw>
<status status="PASS" starttime="20240730 17:54:53.480" endtime="20240730 17:54:53.646"/>
</kw>
<kw name="Input Text" library="SeleniumLibrary">
<arg>//input[@placeholder='Enter drone name']</arg>
<arg>Dron</arg>
<doc>Types the given ``text`` into the text field identified by ``locator``.</doc>
<msg timestamp="20240730 17:54:53.646" level="INFO">Typing text 'Dron' into text field '//input[@placeholder='Enter drone name']'.</msg>
<status status="PASS" starttime="20240730 17:54:53.646" endtime="20240730 17:54:53.940"/>
</kw>
<kw name="Enter drone UUIN" library="resource">
<kw name="Generate Random String" library="String">
<var>${random_UUIN}</var>
<arg>5</arg>
<arg>12345678</arg>
<doc>Generates a string with a desired ``length`` from the given ``chars``.</doc>
<msg timestamp="20240730 17:54:53.944" level="INFO">${random_UUIN} = 77472</msg>
<status status="PASS" starttime="20240730 17:54:53.940" endtime="20240730 17:54:53.944"/>
</kw>
<kw name="Input Text" library="SeleniumLibrary">
<arg>//input[@placeholder='Enter drone UIN']</arg>
<arg>${random_UUIN}</arg>
<doc>Types the given ``text`` into the text field identified by ``locator``.</doc>
<msg timestamp="20240730 17:54:53.944" level="INFO">Typing text '77472' into text field '//input[@placeholder='Enter drone UIN']'.</msg>
<status status="PASS" starttime="20240730 17:54:53.944" endtime="20240730 17:54:54.273"/>
</kw>
<status status="PASS" starttime="20240730 17:54:53.940" endtime="20240730 17:54:54.273"/>
</kw>
<kw name="Wait Until Element Is Visible" library="SeleniumLibrary">
<arg>//span[@class='ErrorMessage']</arg>
<doc>Waits until the element ``locator`` is visible.</doc>
<status status="PASS" starttime="20240730 17:54:54.273" endtime="20240730 17:54:54.384"/>
</kw>
<kw name="Take screenshot" library="resource">
<arg>drone.png</arg>
<kw name="Set Screenshot Directory" library="SeleniumLibrary">
<arg>D:\Automation screenshots</arg>
<doc>Sets the directory for captured screenshots.</doc>
<status status="PASS" starttime="20240730 17:54:54.384" endtime="20240730 17:54:54.384"/>
</kw>
<kw name="Capture Page Screenshot" library="SeleniumLibrary">
<arg>filename= ${imagename}</arg>
<doc>Takes a screenshot of the current page and embeds it into a log file.</doc>
<msg timestamp="20240730 17:54:54.727" level="INFO" html="true">&lt;/td&gt;&lt;/tr&gt;&lt;tr&gt;&lt;td colspan="3"&gt;&lt;a href="Automation%20screenshots/%20drone.png"&gt;&lt;img src="Automation%20screenshots/%20drone.png" width="800px"&gt;&lt;/a&gt;</msg>
<status status="PASS" starttime="20240730 17:54:54.384" endtime="20240730 17:54:54.727"/>
</kw>
<status status="PASS" starttime="20240730 17:54:54.384" endtime="20240730 17:54:54.727"/>
</kw>
<kw name="Close Browser" library="SeleniumLibrary">
<doc>Closes the current browser.</doc>
<status status="PASS" starttime="20240730 17:54:54.743" endtime="20240730 17:54:57.095"/>
</kw>
<status status="PASS" starttime="20240730 17:54:41.358" endtime="20240730 17:54:57.095"/>
</test>
<doc>This suite is used to validate Drones functionality in Fleets module</doc>
<status status="PASS" starttime="20240730 17:54:41.327" endtime="20240730 17:54:57.095"/>
</suite>
<suite id="s1-s1-s4" name="Edit Drone" source="D:\SkYDECK_Stage_QA_Automation-master\STAGING\FLEETS\Drones\edit_drone.robot">
<test id="s1-s1-s4-t1" name="To Edit Drone" line="7">
<kw name="open Skydeck application in Chrome browser" library="resource">
<kw name="Create Webdriver" library="SeleniumLibrary">
<arg>Chrome</arg>
<arg>executable_path=D:/chromedriver-win64/chromedriver-win64/chromedriver.exe</arg>
<doc>Creates an instance of Selenium WebDriver.</doc>
<msg timestamp="20240730 17:54:57.113" level="INFO">Creating an instance of the Chrome WebDriver.</msg>
<status status="PASS" starttime="20240730 17:54:57.113" endtime="20240730 17:54:58.931"/>
</kw>
<kw name="Go To" library="SeleniumLibrary">
<arg>${stage_Url}</arg>
<doc>Navigates the current browser window to the provided ``url``.</doc>
<msg timestamp="20240730 17:54:58.932" level="INFO">Opening url 'https://skydeck-staging.asteria.co.in/ui/dashboard/e596c680-cefb-4ec5-bf55-920ac3a5e0ad'</msg>
<status status="PASS" starttime="20240730 17:54:58.932" endtime="20240730 17:55:01.123"/>
</kw>
<kw name="Maximize Browser Window" library="SeleniumLibrary">
<doc>Maximizes current browser window.</doc>
<status status="PASS" starttime="20240730 17:55:01.123" endtime="20240730 17:55:01.213"/>
</kw>
<kw name="Set Browser Implicit Wait" library="SeleniumLibrary">
<arg>10</arg>
<doc>Sets the implicit wait value used by Selenium.</doc>
<status status="PASS" starttime="20240730 17:55:01.213" endtime="20240730 17:55:01.218"/>
</kw>
<status status="PASS" starttime="20240730 17:54:57.113" endtime="20240730 17:55:01.218"/>
</kw>
<kw name="Provide login credentials" library="resource">
<kw name="Input Text" library="SeleniumLibrary">
<arg>//input[@placeholder='yours@example.com']</arg>
<arg>${user_name}</arg>
<doc>Types the given ``text`` into the text field identified by ``locator``.</doc>
<msg timestamp="20240730 17:55:01.219" level="INFO">Typing text 'ganesh.l@asteria.co.in' into text field '//input[@placeholder='yours@example.com']'.</msg>
<status status="PASS" starttime="20240730 17:55:01.219" endtime="20240730 17:55:02.365"/>
</kw>
<kw name="Input Password" library="SeleniumLibrary">
<arg>//input[@placeholder='your password']</arg>
<arg>${PASSWORD}</arg>
<doc>Types the given password into the text field identified by ``locator``.</doc>
<msg timestamp="20240730 17:55:02.365" level="INFO">Typing password into text field '//input[@placeholder='your password']'.</msg>
<msg timestamp="20240730 17:55:02.450" level="INFO">Temporally setting log level to: NONE</msg>
<msg timestamp="20240730 17:55:02.635" level="INFO">Log level changed from NONE to INFO.</msg>
[...]
</test>
<doc>This suite is used to validate payload functionality in Fleets module</doc>
<status status="FAIL" starttime="20240730 17:57:00.127" endtime="20240730 17:57:10.592"/>
</suite>
<suite id="s1-s2-s5" name="To Verify Duplicate Payloads-Are Not Created" source="D:\SkYDECK_Stage_QA_Automation-master\STAGING\FLEETS\Payloads\to_verify_duplicate_payloads-are_not_created.robot">
<test id="s1-s2-s5-t1" name="To check duplicate payloads are not created" line="7">
<kw name="open Skydeck application in Chrome browser" library="resource">
<kw name="Create Webdriver" library="SeleniumLibrary">
<arg>Chrome</arg>
<arg>executable_path=D:/chromedriver-win64/chromedriver-win64/chromedriver.exe</arg>
<doc>Creates an instance of Selenium WebDriver.</doc>
<msg timestamp="20240730 17:57:10.625" level="INFO">Creating an instance of the Chrome WebDriver.</msg>
<status status="PASS" starttime="20240730 17:57:10.625" endtime="20240730 17:57:12.315"/>
</kw>
<kw name="Go To" library="SeleniumLibrary">
<arg>${stage_Url}</arg>
<doc>Navigates the current browser window to the provided ``url``.</doc>
<msg timestamp="20240730 17:57:12.319" level="INFO">Opening url 'https://skydeck-staging.asteria.co.in/ui/dashboard/e596c680-cefb-4ec5-bf55-920ac3a5e0ad'</msg>
<status status="PASS" starttime="20240730 17:57:12.315" endtime="20240730 17:57:14.514"/>
</kw>
<kw name="Maximize Browser Window" library="SeleniumLibrary">
<doc>Maximizes current browser window.</doc>
<status status="PASS" starttime="20240730 17:57:14.514" endtime="20240730 17:57:14.558"/>
</kw>
<kw name="Set Browser Implicit Wait" library="SeleniumLibrary">
<arg>10</arg>
<doc>Sets the implicit wait value used by Selenium.</doc>
<status status="PASS" starttime="20240730 17:57:14.558" endtime="20240730 17:57:14.558"/>
</kw>
<status status="PASS" starttime="20240730 17:57:10.625" endtime="20240730 17:57:14.558"/>
</kw>
<kw name="Provide login credentials" library="resource">
<kw name="Input Text" library="SeleniumLibrary">
<arg>//input[@placeholder='yours@example.com']</arg>
<arg>${user_name}</arg>
<doc>Types the given ``text`` into the text field identified by ``locator``.</doc>
<msg timestamp="20240730 17:57:14.558" level="INFO">Typing text 'ganesh.l@asteria.co.in' into text field '//input[@placeholder='yours@example.com']'.</msg>
<status status="PASS" starttime="20240730 17:57:14.558" endtime="20240730 17:57:15.762"/>
</kw>
<kw name="Input Password" library="SeleniumLibrary">
<arg>//input[@placeholder='your password']</arg>
<arg>${password}</arg>
<doc>Types the given password into the text field identified by ``locator``.</doc>
<msg timestamp="20240730 17:57:15.763" level="INFO">Typing password into text field '//input[@placeholder='your password']'.</msg>
<msg timestamp="20240730 17:57:15.828" level="INFO">Temporally setting log level to: NONE</msg>
<msg timestamp="20240730 17:57:15.974" level="INFO">Log level changed from NONE to INFO.</msg>
<status status="PASS" starttime="20240730 17:57:15.762" endtime="20240730 17:57:15.974"/>
</kw>
<kw name="Click Button" library="SeleniumLibrary">
<arg>//button[@name='submit']</arg>
<doc>Clicks the button identified by ``locator``.</doc>
<msg timestamp="20240730 17:57:15.976" level="INFO">Clicking button '//button[@name='submit']'.</msg>
<status status="PASS" starttime="20240730 17:57:15.975" endtime="20240730 17:57:16.102"/>
</kw>
<kw name="Set Browser Implicit Wait" library="SeleniumLibrary">
<arg>10</arg>
<doc>Sets the implicit wait value used by Selenium.</doc>
<status status="PASS" starttime="20240730 17:57:16.102" endtime="20240730 17:57:16.102"/>
</kw>
<status status="PASS" starttime="20240730 17:57:14.558" endtime="20240730 17:57:16.102"/>
</kw>
<kw name="Click on Fleets module" library="resource">
<kw name="Click Element" library="SeleniumLibrary">
<arg>//img[@alt='Fleets']</arg>
<doc>Click the element identified by ``locator``.</doc>
<msg timestamp="20240730 17:57:16.108" level="INFO">Clicking element '//img[@alt='Fleets']'.</msg>
<status status="PASS" starttime="20240730 17:57:16.107" endtime="20240730 17:57:20.959"/>
</kw>
<status status="PASS" starttime="20240730 17:57:16.102" endtime="20240730 17:57:20.959"/>
</kw>
<kw name="click on create button" library="resource">
<kw name="Click Element" library="SeleniumLibrary">
<arg>//div[contains(text(),'create')]</arg>
<doc>Click the element identified by ``locator``.</doc>
<msg timestamp="20240730 17:57:20.959" level="INFO">Clicking element '//div[contains(text(),'create')]'.</msg>
<status status="PASS" starttime="20240730 17:57:20.959" endtime="20240730 17:57:21.141"/>
</kw>
<status status="PASS" starttime="20240730 17:57:20.959" endtime="20240730 17:57:21.141"/>
</kw>
<kw name="click on new payload" library="resource">
<kw name="Click Element" library="SeleniumLibrary">
<arg>//span[normalize-space()='new payload']</arg>
<doc>Click the element identified by ``locator``.</doc>
<msg timestamp="20240730 17:57:21.141" level="INFO">Clicking element '//span[normalize-space()='new payload']'.</msg>
<status status="PASS" starttime="20240730 17:57:21.141" endtime="20240730 17:57:21.334"/>
</kw>
<status status="PASS" starttime="20240730 17:57:21.141" endtime="20240730 17:57:21.334"/>
</kw>
<kw name="Enter payload name" library="resource">
<arg>Payload-B</arg>
<msg timestamp="20240730 17:57:21.335" level="FAIL">Keyword 'resource.Enter payload name' expected 0 arguments, got 1.</msg>
<status status="FAIL" starttime="20240730 17:57:21.335" endtime="20240730 17:57:21.335"/>
</kw>
<kw name="Enter payload ID" library="resource">
<status status="NOT RUN" starttime="20240730 17:57:21.335" endtime="20240730 17:57:21.335"/>
</kw>
<kw name="Select Payload Type">
<status status="NOT RUN" starttime="20240730 17:57:21.343" endtime="20240730 17:57:21.343"/>
</kw>
<kw name="save payload" library="resource">
<status status="NOT RUN" starttime="20240730 17:57:21.343" endtime="20240730 17:57:21.343"/>
</kw>
<kw name="Wait Until Element Is Not Visible" library="SeleniumLibrary">
<arg>//span[normalize-space()='Created payload']</arg>
<doc>Waits until the element ``locator`` is not visible.</doc>
<status status="NOT RUN" starttime="20240730 17:57:21.343" endtime="20240730 17:57:21.343"/>
</kw>
<kw name="click on create button" library="resource">
<status status="NOT RUN" starttime="20240730 17:57:21.343" endtime="20240730 17:57:21.343"/>
</kw>
<kw name="click on new payload" library="resource">
<status status="NOT RUN" starttime="20240730 17:57:21.343" endtime="20240730 17:57:21.343"/>
</kw>
<kw name="Enter payload name" library="resource">
<arg>Payload-B</arg>
<status status="NOT RUN" starttime="20240730 17:57:21.343" endtime="20240730 17:57:21.343"/>
</kw>
<kw name="Enter payload ID" library="resource">
<status status="NOT RUN" starttime="20240730 17:57:21.343" endtime="20240730 17:57:21.343"/>
</kw>
<kw name="Select Payload Type">
<status status="NOT RUN" starttime="20240730 17:57:21.358" endtime="20240730 17:57:21.358"/>
</kw>
<kw name="save payload" library="resource">
<status status="NOT RUN" starttime="20240730 17:57:21.359" endtime="20240730 17:57:21.359"/>
</kw>
<kw name="Wait Until Element Is Visible" library="SeleniumLibrary">
<arg>//span[normalize-space()='Cannot create duplicate entries']</arg>
<doc>Waits until the element ``locator`` is visible.</doc>
<status status="NOT RUN" starttime="20240730 17:57:21.359" endtime="20240730 17:57:21.359"/>
</kw>
<kw name="Get Text" library="SeleniumLibrary">
<var>${result}</var>
<arg>//span[normalize-space()='Cannot create duplicate entries']</arg>
<doc>Returns the text value of the element identified by ``locator``.</doc>
<status status="NOT RUN" starttime="20240730 17:57:21.359" endtime="20240730 17:57:21.359"/>
</kw>
<kw name="Should Be Equal As Strings" library="BuiltIn">
<arg>${result}</arg>
<arg>Cannot create duplicate entries</arg>
<doc>Fails if objects are unequal after converting them to strings.</doc>
<status status="NOT RUN" starttime="20240730 17:57:21.359" endtime="20240730 17:57:21.359"/>
</kw>
<kw name="Close Browser" library="SeleniumLibrary">
<doc>Closes the current browser.</doc>
<status status="NOT RUN" starttime="20240730 17:57:21.359" endtime="20240730 17:57:21.359"/>
</kw>
<status status="FAIL" starttime="20240730 17:57:10.624" endtime="20240730 17:57:21.359">Keyword 'resource.Enter payload name' expected 0 arguments, got 1.</status>
</test>
<doc>This suite is used to validate payload functionality in Fleets module</doc>
<status status="FAIL" starttime="20240730 17:57:10.592" endtime="20240730 17:57:21.359"/>
</suite>
<suite id="s1-s2-s6" name="To View List Of Payloads" source="D:\SkYDECK_Stage_QA_Automation-master\STAGING\FLEETS\Payloads\to_view_list_of_payloads.robot">
<test id="s1-s2-s6-t1" name="To see list of Payloads in fleets page" line="7">
<kw name="open Skydeck application in Chrome browser" library="resource">
<kw name="Create Webdriver" library="SeleniumLibrary">
<arg>Chrome</arg>
<arg>executable_path=D:/chromedriver-win64/chromedriver-win64/chromedriver.exe</arg>
<doc>Creates an instance of Selenium WebDriver.</doc>
<msg timestamp="20240730 17:57:21.376" level="INFO">Creating an instance of the Chrome WebDriver.</msg>
<status status="PASS" starttime="20240730 17:57:21.376" endtime="20240730 17:57:23.495"/>
</kw>
<kw name="Go To" library="SeleniumLibrary">
<arg>${stage_Url}</arg>
<doc>Navigates the current browser window to the provided ``url``.</doc>
<msg timestamp="20240730 17:57:23.496" level="INFO">Opening url 'https://skydeck-staging.asteria.co.in/ui/dashboard/e596c680-cefb-4ec5-bf55-920ac3a5e0ad'</msg>
<status status="PASS" starttime="20240730 17:57:23.496" endtime="20240730 17:57:23.708"/>
</kw>
<kw name="Maximize Browser Window" library="SeleniumLibrary">
<doc>Maximizes current browser window.</doc>
<status status="PASS" starttime="20240730 17:57:23.708" endtime="20240730 17:57:25.721"/>
</kw>
<kw name="Set Browser Implicit Wait" library="SeleniumLibrary">
<arg>10</arg>
<doc>Sets the implicit wait value used by Selenium.</doc>
<status status="PASS" starttime="20240730 17:57:25.721" endtime="20240730 17:57:25.730"/>
</kw>
<status status="PASS" starttime="20240730 17:57:21.376" endtime="20240730 17:57:25.730"/>
</kw>
<kw name="Provide login credentials" library="resource">
<kw name="Input Text" library="SeleniumLibrary">
<arg>//input[@placeholder='yours@example.com']</arg>
<arg>${user_name}</arg>
<doc>Types the given ``text`` into the text field identified by ``locator``.</doc>
<msg timestamp="20240730 17:57:25.730" level="INFO">Typing text 'ganesh.l@asteria.co.in' into text field '//input[@placeholder='yours@example.com']'.</msg>
<status status="PASS" starttime="20240730 17:57:25.730" endtime="20240730 17:57:26.923"/>
</kw>
<kw name="Input Password" library="SeleniumLibrary">
<arg>//input[@placeholder='your password']</arg>
<arg>${password}</arg>
<doc>Types the given password into the text field identified by ``locator``.</doc>
<msg timestamp="20240730 17:57:26.923" level="INFO">Typing password into text field '//input[@placeholder='your password']'.</msg>
<msg timestamp="20240730 17:57:26.976" level="INFO">Temporally setting log level to: NONE</msg>
<msg timestamp="20240730 17:57:27.106" level="INFO">Log level changed from NONE to INFO.</msg>
<status status="PASS" starttime="20240730 17:57:26.923" endtime="20240730 17:57:27.106"/>
</kw>
<kw name="Click Button" library="SeleniumLibrary">
<arg>//button[@name='submit']</arg>
<doc>Clicks the button identified by ``locator``.</doc>
<msg timestamp="20240730 17:57:27.108" level="INFO">Clicking button '//button[@name='submit']'.</msg>
<status status="PASS" starttime="20240730 17:57:27.107" endtime="20240730 17:57:27.236"/>
</kw>
<kw name="Set Browser Implicit Wait" library="SeleniumLibrary">
<arg>10</arg>
<doc>Sets the implicit wait value used by Selenium.</doc>
<status status="PASS" starttime="20240730 17:57:27.236" endtime="20240730 17:57:27.236"/>
</kw>
<status status="PASS" starttime="20240730 17:57:25.730" endtime="20240730 17:57:27.236"/>
</kw>
<kw name="Click on Fleets module" library="resource">
<kw name="Click Element" library="SeleniumLibrary">
<arg>//img[@alt='Fleets']</arg>
<doc>Click the element identified by ``locator``.</doc>
<msg timestamp="20240730 17:57:27.242" level="INFO">Clicking element '//img[@alt='Fleets']'.</msg>
<status status="PASS" starttime="20240730 17:57:27.236" endtime="20240730 17:57:31.879"/>
</kw>
<status status="PASS" starttime="20240730 17:57:27.236" endtime="20240730 17:57:31.879"/>
</kw>
<kw name="Click on payload option in Fleets page" library="resource">
<kw name="Mouse Over" library="SeleniumLibrary">
<arg>(//div[@class='Card TeamStatusCard'])[3]</arg>
<doc>Simulates hovering the mouse over the element ``locator``.</doc>
<msg timestamp="20240730 17:57:31.879" level="INFO">Simulating Mouse Over on element '(//div[@class='Card TeamStatusCard'])[3]'.</msg>
<status status="PASS" starttime="20240730 17:57:31.879" endtime="20240730 17:57:32.245"/>
</kw>
<kw name="Click Element" library="SeleniumLibrary">
<arg>(//div[@class='Button__text'][normalize-space()='view'])[3]</arg>
<doc>Click the element identified by ``locator``.</doc>
<msg timestamp="20240730 17:57:32.245" level="INFO">Clicking element '(//div[@class='Button__text'][normalize-space()='view'])[3]'.</msg>
<status status="PASS" starttime="20240730 17:57:32.245" endtime="20240730 17:57:32.475"/>
</kw>
<status status="PASS" starttime="20240730 17:57:31.879" endtime="20240730 17:57:32.475"/>
</kw>
<kw name="Close Browser" library="SeleniumLibrary">
<doc>Closes the current browser.</doc>
<status status="PASS" starttime="20240730 17:57:32.475" endtime="20240730 17:57:34.862"/>
</kw>
<status status="PASS" starttime="20240730 17:57:21.376" endtime="20240730 17:57:34.862"/>
</test>
<doc>This suite is used to validate payload functionality in Fleets module</doc>
<status status="PASS" starttime="20240730 17:57:21.359" endtime="20240730 17:57:34.862"/>
</suite>
<status status="FAIL" starttime="20240730 17:55:46.762" endtime="20240730 17:57:34.862"/>
</suite>
<suite id="s1-s3" name="Teams" source="D:\SkYDECK_Stage_QA_Automation-master\STAGING\FLEETS\Teams">
<suite id="s1-s3-s1" name="Create Team" source="D:\SkYDECK_Stage_QA_Automation-master\STAGING\FLEETS\Teams\create_team.robot">
<test id="s1-s3-s1-t1" name="Create Team" line="9">
<kw name="create teams">
<arg>Batawadi</arg>
<kw name="open Skydeck application in Chrome browser" library="resource">
<kw name="Create Webdriver" library="SeleniumLibrary">
<arg>Chrome</arg>
<arg>executable_path=D:/chromedriver-win64/chromedriver-win64/chromedriver.exe</arg>
<doc>Creates an instance of Selenium WebDriver.</doc>
<msg timestamp="20240730 17:57:34.941" level="INFO">Creating an instance of the Chrome WebDriver.</msg>
<status status="PASS" starttime="20240730 17:57:34.941" endtime="20240730 17:57:36.979"/>
</kw>
<kw name="Go To" library="SeleniumLibrary">
<arg>${stage_Url}</arg>
<doc>Navigates the current browser window to the provided ``url``.</doc>
<msg timestamp="20240730 17:57:36.980" level="INFO">Opening url 'https://skydeck-staging.asteria.co.in/ui/dashboard/e596c680-cefb-4ec5-bf55-920ac3a5e0ad'</msg>
<status status="PASS" starttime="20240730 17:57:36.979" endtime="20240730 17:57:39.650"/>
</kw>
<kw name="Maximize Browser Window" library="SeleniumLibrary">
<doc>Maximizes current browser window.</doc>
<status status="PASS" starttime="20240730 17:57:39.650" endtime="20240730 17:57:39.688"/>
</kw>
<kw name="Set Browser Implicit Wait" library="SeleniumLibrary">
<arg>10</arg>
<doc>Sets the implicit wait value used by Selenium.</doc>
<status status="PASS" starttime="20240730 17:57:39.688" endtime="20240730 17:57:39.691"/>
</kw>
<status status="PASS" starttime="20240730 17:57:34.941" endtime="20240730 17:57:39.691"/>
</kw>
<kw name="Provide login credentials" library="resource">
<kw name="Input Text" library="SeleniumLibrary">
<arg>//input[@placeholder='yours@example.com']</arg>
<arg>${user_name}</arg>
<doc>Types the given ``text`` into the text field identified by ``locator``.</doc>
<msg timestamp="20240730 17:57:39.691" level="INFO">Typing text 'ganesh.l@asteria.co.in' into text field '//input[@placeholder='yours@example.com']'.</msg>
<status status="PASS" starttime="20240730 17:57:39.691" endtime="20240730 17:57:41.088"/>
</kw>
<kw name="Input Password" library="SeleniumLibrary">
<arg>//input[@placeholder='your password']</arg>
<arg>${password}</arg>
<doc>Types the given password into the text field identified by ``locator``.</doc>
<msg timestamp="20240730 17:57:41.090" level="INFO">Typing password into text field '//input[@placeholder='your password']'.</msg>
<msg timestamp="20240730 17:57:41.170" level="INFO">Temporally setting log level to: NONE</msg>
<msg timestamp="20240730 17:57:41.284" level="INFO">Log level changed from NONE to INFO.</msg>
<status status="PASS" starttime="20240730 17:57:41.089" endtime="20240730 17:57:41.284"/>
</kw>
<kw name="Click Button" library="SeleniumLibrary">
<arg>//button[@name='submit']</arg>
<doc>Clicks the button identified by ``locator``.</doc>
<msg timestamp="20240730 17:57:41.284" level="INFO">Clicking button '//button[@name='submit']'.</msg>
<status status="PASS" starttime="20240730 17:57:41.284" endtime="20240730 17:57:41.400"/>
</kw>
<kw name="Set Browser Implicit Wait" library="SeleniumLibrary">
<arg>10</arg>
<doc>Sets the implicit wait value used by Selenium.</doc>
<status status="PASS" starttime="20240730 17:57:41.400" endtime="20240730 17:57:41.401"/>
</kw>
<status status="PASS" starttime="20240730 17:57:39.691" endtime="20240730 17:57:41.401"/>
</kw>
<kw name="Click on Fleets module" library="resource">
<kw name="Click Element" library="SeleniumLibrary">
<arg>//img[@alt='Fleets']</arg>
<doc>Click the element identified by ``locator``.</doc>
<msg timestamp="20240730 17:57:41.405" level="INFO">Clicking element '//img[@alt='Fleets']'.</msg>
<status status="PASS" starttime="20240730 17:57:41.401" endtime="20240730 17:57:46.417"/>
</kw>
<status status="PASS" starttime="20240730 17:57:41.401" endtime="20240730 17:57:46.417"/>
</kw>
<kw name="Click on create Teams" library="resource">
<kw name="Click Element" library="SeleniumLibrary">
<arg>//div[@class='HelperCard']</arg>
<doc>Click the element identified by ``locator``.</doc>
<msg timestamp="20240730 17:57:46.417" level="INFO">Clicking element '//div[@class='HelperCard']'.</msg>
<status status="PASS" starttime="20240730 17:57:46.417" endtime="20240730 17:57:46.552"/>
</kw>
<status status="PASS" starttime="20240730 17:57:46.417" endtime="20240730 17:57:46.552"/>
</kw>
<kw name="Enter Team name" library="resource">
<kw name="Generate Random String" library="String">
<var>${random_name}</var>
<arg>3</arg>
<arg>12345678</arg>
<doc>Generates a string with a desired ``length`` from the given ``chars``.</doc>
<msg timestamp="20240730 17:57:46.554" level="INFO">${random_name} = 215</msg>
<status status="PASS" starttime="20240730 17:57:46.553" endtime="20240730 17:57:46.554"/>
</kw>
<kw name="Input Text" library="SeleniumLibrary">
<arg>//input[@placeholder='Enter team name']</arg>
<arg>Team_${random_name}</arg>
<doc>Types the given ``text`` into the text field identified by ``locator``.</doc>
<msg timestamp="20240730 17:57:46.555" level="INFO">Typing text 'Team_215' into text field '//input[@placeholder='Enter team name']'.</msg>
<status status="PASS" starttime="20240730 17:57:46.554" endtime="20240730 17:57:46.826"/>
</kw>
<status status="PASS" starttime="20240730 17:57:46.552" endtime="20240730 17:57:46.827"/>
</kw>
<kw name="Enter Team description" library="resource">
<kw name="Input Text" library="SeleniumLibrary">
<arg>//input[contains(@placeholder,'Team Description')]</arg>
<arg>Testing</arg>
<doc>Types the given ``text`` into the text field identified by ``locator``.</doc>
<msg timestamp="20240730 17:57:46.829" level="INFO">